TN:
SF:C:/My/Projects/Playground/src/GulpTests/node_modules/sinon/pkg/sinon.js
FN:36,(anonymous_1)
FN:39,(anonymous_2)
FN:47,(anonymous_3)
FN:50,(anonymous_4)
FN:51,define
FN:61,(anonymous_6)
FN:63,(anonymous_7)
FN:64,(anonymous_8)
FN:65,(anonymous_9)
FN:69,isNaN
FN:77,getClass
FN:91,isArguments
FN:116,isElement
FN:133,keys
FN:150,isDate
FN:161,isNegZero
FN:176,identical
FN:198,deepEqualCyclic
FN:218,isObject
FN:238,getIndex
FN:251,deepEqual
FN:366,arrayContains
FN:387,match
FN:460,(anonymous_24)
FN:462,(anonymous_25)
FN:464,(anonymous_26)
FN:465,(anonymous_27)
FN:489,functionName
FN:497,constructorName
FN:514,isCircular
FN:523,ascii
FN:560,(anonymous_32)
FN:564,(anonymous_33)
FN:582,(anonymous_34)
FN:622,(anonymous_35)
FN:648,Formatio
FN:657,(anonymous_37)
FN:661,(anonymous_38)
FN:665,(anonymous_39)
FN:672,(anonymous_40)
FN:672,(anonymous_41)
FN:672,e
FN:672,s
FN:672,(anonymous_44)
FN:672,(anonymous_45)
FN:673,(anonymous_46)
FN:682,(anonymous_47)
FN:701,(anonymous_48)
FN:714,parseTime
FN:743,getEpoch
FN:750,inRange
FN:754,mirrorDateProperties
FN:764,now
FN:773,toSource
FN:781,toString
FN:793,createDate
FN:794,ClockDate
FN:820,addTimer
FN:847,compareTimers
FN:883,firstTimerInRange
FN:902,callTimer
FN:933,uninstall
FN:954,hijackMethod
FN:964,(anonymous_64)
FN:988,(anonymous_65)
FN:1003,createClock
FN:1012,setTimeout
FN:1020,clearTimeout
FN:1042,setInterval
FN:1051,clearInterval
FN:1055,setImmediate
FN:1063,clearImmediate
FN:1067,tick
FN:1099,reset
FN:1107,detectKnownFailSituation
FN:1119,install
FN:1135,(anonymous_77)
FN:1169,(anonymous_78)
FN:1177,loadDependencies
FN:1220,(anonymous_80)
FN:1225,isDOMNode
FN:1244,isElement
FN:1248,isFunction
FN:1252,isReallyNaN
FN:1256,mirrorProperties
FN:1264,isRestorable
FN:1271,makeApi
FN:1272,wrapMethod
FN:1281,checkWrappedMethod
FN:1349,(anonymous_90)
FN:1380,create
FN:1381,(anonymous_92)
FN:1386,deepEqual
FN:1452,functionName
FN:1467,toString
FN:1487,objectKeys
FN:1503,getPropertyDescriptor
FN:1513,(anonymous_98)
FN:1535,timesInWords
FN:1542,(anonymous_100)
FN:1552,(anonymous_101)
FN:1553,(anonymous_102)
FN:1564,(anonymous_103)
FN:1571,(anonymous_104)
FN:1589,loadDependencies
FN:1613,(anonymous_106)
FN:1615,makeApi
FN:1618,(anonymous_108)
FN:1620,(anonymous_109)
FN:1623,(anonymous_110)
FN:1626,(anonymous_111)
FN:1629,(anonymous_112)
FN:1632,(anonymous_113)
FN:1635,(anonymous_114)
FN:1638,(anonymous_115)
FN:1641,(anonymous_116)
FN:1644,(anonymous_117)
FN:1647,(anonymous_118)
FN:1669,extend
FN:1696,loadDependencies
FN:1724,(anonymous_121)
FN:1726,makeApi
FN:1728,timesInWords
FN:1745,loadDependencies
FN:1781,(anonymous_125)
FN:1783,makeApi
FN:1784,typeOf
FN:1798,loadDependencies
FN:1837,(anonymous_129)
FN:1839,makeApi
FN:1840,assertType
FN:1849,(anonymous_132)
FN:1854,isMatcher
FN:1858,matchObject
FN:1882,match
FN:1888,(anonymous_136)
FN:1900,(anonymous_137)
FN:1906,(anonymous_138)
FN:1912,(anonymous_139)
FN:1921,(anonymous_140)
FN:1937,(anonymous_141)
FN:1947,(anonymous_142)
FN:1955,(anonymous_143)
FN:1962,(anonymous_144)
FN:1970,(anonymous_145)
FN:1979,(anonymous_146)
FN:1983,(anonymous_147)
FN:1987,(anonymous_148)
FN:1991,(anonymous_149)
FN:1995,(anonymous_150)
FN:1996,(anonymous_151)
FN:2001,(anonymous_152)
FN:2003,(anonymous_153)
FN:2008,(anonymous_154)
FN:2010,(anonymous_155)
FN:2015,createPropertyMatcher
FN:2016,(anonymous_157)
FN:2024,(anonymous_158)
FN:2034,(anonymous_159)
FN:2041,(anonymous_160)
FN:2061,loadDependencies
FN:2095,(anonymous_162)
FN:2097,makeApi
FN:2098,valueFormatter
FN:2102,getFormatioFormatter
FN:2108,format
FN:2115,getNodeFormatter
FN:2122,format
FN:2152,loadDependencies
FN:2193,(anonymous_170)
FN:2197,makeApi
FN:2198,throwYieldError
FN:2207,calledOn
FN:2214,calledWith
FN:2228,calledWithMatch
FN:2243,calledWithExactly
FN:2248,notCalledWith
FN:2252,notCalledWithMatch
FN:2256,returned
FN:2260,threw
FN:2268,calledWithNew
FN:2272,(anonymous_182)
FN:2276,(anonymous_183)
FN:2280,(anonymous_184)
FN:2284,(anonymous_185)
FN:2288,(anonymous_186)
FN:2292,(anonymous_187)
FN:2297,(anonymous_188)
FN:2301,(anonymous_189)
FN:2312,(anonymous_190)
FN:2316,(anonymous_191)
FN:2328,(anonymous_192)
FN:2333,(anonymous_193)
FN:2365,createSpyCall
FN:2389,loadDependencies
FN:2428,(anonymous_196)
FN:2430,makeApi
FN:2435,spy
FN:2441,(anonymous_199)
FN:2455,matchingFake
FN:2467,incrementCallCount
FN:2476,createCallProperties
FN:2484,createProxy
FN:2491,proxy
FN:2503,(anonymous_205)
FN:2536,create
FN:2540,(anonymous_207)
FN:2565,invoke
FN:2610,named
FN:2615,getCall
FN:2625,(anonymous_211)
FN:2636,calledBefore
FN:2648,calledAfter
FN:2656,(anonymous_214)
FN:2675,(anonymous_215)
FN:2694,(anonymous_216)
FN:2703,(anonymous_217)
FN:2708,(anonymous_218)
FN:2722,delegateToCalls
FN:2723,(anonymous_220)
FN:2758,(anonymous_221)
FN:2761,(anonymous_222)
FN:2770,(anonymous_223)
FN:2774,(anonymous_224)
FN:2778,(anonymous_225)
FN:2783,(anonymous_226)
FN:2786,(anonymous_227)
FN:2790,(anonymous_228)
FN:2796,(anonymous_229)
FN:2800,(anonymous_230)
FN:2804,(anonymous_231)
FN:2818,(anonymous_232)
FN:2828,(anonymous_233)
FN:2850,loadDependencies
FN:2889,(anonymous_235)
FN:2896,(anonymous_236)
FN:2905,(anonymous_237)
FN:2910,throwsException
FN:2923,getCallback
FN:2956,makeApi
FN:2957,getCallbackError
FN:2980,callCallback
FN:2989,(anonymous_243)
FN:2999,create
FN:3007,isPresent
FN:3015,invoke
FN:3029,onCall
FN:3033,onFirstCall
FN:3037,onSecondCall
FN:3041,onThirdCall
FN:3045,withArgs
FN:3053,callsArg
FN:3067,callsArgOn
FN:3084,callsArgWith
FN:3098,callsArgWith
FN:3115,(anonymous_256)
FN:3125,(anonymous_257)
FN:3135,(anonymous_258)
FN:3149,(anonymous_259)
FN:3159,(anonymous_260)
FN:3176,returns
FN:3184,returnsArg
FN:3194,returnsThis
FN:3201,createAsyncVersion
FN:3202,(anonymous_265)
FN:3224,loadDependencies
FN:3261,(anonymous_267)
FN:3263,makeApi
FN:3264,stub
FN:3311,getParentBehaviour
FN:3315,getDefaultBehavior
FN:3321,getCurrentBehavior
FN:3330,create
FN:3331,(anonymous_274)
FN:3351,(anonymous_275)
FN:3368,onCall
FN:3376,onFirstCall
FN:3380,onSecondCall
FN:3384,onThirdCall
FN:3389,createBehavior
FN:3390,(anonymous_281)
FN:3416,loadDependencies
FN:3459,(anonymous_283)
FN:3461,makeApi
FN:3465,mock
FN:3477,each
FN:3487,arrayEquals
FN:3501,create
FN:3513,expects
FN:3527,(anonymous_290)
FN:3540,restore
FN:3543,(anonymous_292)
FN:3550,verify
FN:3555,(anonymous_294)
FN:3556,(anonymous_295)
FN:3576,invokeMethod
FN:3627,callCountInWords
FN:3635,expectedCallCountInWords
FN:3656,receivedMinCalls
FN:3661,receivedMaxCalls
FN:3669,verifyMatcher
FN:3679,create
FN:3687,invoke
FN:3693,atLeast
FN:3708,atMost
FN:3723,never
FN:3727,once
FN:3731,twice
FN:3735,thrice
FN:3739,exactly
FN:3748,met
FN:3752,verifyCallAllowed
FN:3797,allowsCall
FN:3834,withArgs
FN:3839,withExactArgs
FN:3845,on
FN:3850,(anonymous_317)
FN:3873,verify
FN:3883,pass
FN:3887,fail
FN:3902,loadDependencies
FN:3946,(anonymous_322)
FN:3951,getFakes
FN:3959,each
FN:3969,compact
FN:3977,makeApi
FN:3979,resolve
FN:3983,restore
FN:3988,restore
FN:3992,verifyAndRestore
FN:4008,add
FN:4013,spy
FN:4017,stub
FN:4029,(anonymous_334)
FN:4050,mock
FN:4054,inject
FN:4057,(anonymous_337)
FN:4061,(anonymous_338)
FN:4065,(anonymous_339)
FN:4080,loadDependencies
FN:4122,(anonymous_341)
FN:4124,makeApi
FN:4128,(anonymous_343)
FN:4144,(anonymous_344)
FN:4163,loadDependencies
FN:4194,(anonymous_346)
FN:4198,makeApi
FN:4199,Event
FN:4204,(anonymous_349)
FN:4211,(anonymous_350)
FN:4213,(anonymous_351)
FN:4218,ProgressEvent
FN:4229,CustomEvent
FN:4239,addEventListener
FN:4245,removeEventListener
FN:4255,dispatchEvent
FN:4275,loadDependencies
FN:4300,(anonymous_358)
FN:4307,makeApi
FN:4309,log
FN:4311,logError
FN:4320,(anonymous_362)
FN:4327,(anonymous_363)
FN:4338,loadDependencies
FN:4377,(anonymous_365)
FN:4384,makeApi
FN:4387,FakeXDomainRequest
FN:4399,verifyState
FN:4409,verifyRequestSent
FN:4418,verifyResponseBodyType
FN:4428,open
FN:4438,readyStateChange
FN:4475,send
FN:4492,abort
FN:4503,setResponseBody
FN:4520,respond
FN:4528,simulatetimeout
FN:4544,useFakeXDomainRequest
FN:4545,restore
FN:4568,loadDependencies
FN:4600,(anonymous_381)
FN:4602,getWorkingXHR
FN:4610,(anonymous_383)
FN:4654,UploadProgress
FN:4663,addEventListener
FN:4667,removeEventListener
FN:4677,dispatchEvent
FN:4689,FakeXMLHttpRequest
FN:4705,addEventListener
FN:4706,(anonymous_390)
FN:4724,verifyState
FN:4734,getHeader
FN:4748,each
FN:4757,some
FN:4766,(anonymous_395)
FN:4778,addFilter
FN:4782,defake
FN:4795,(anonymous_398)
FN:4796,(anonymous_399)
FN:4801,(anonymous_400)
FN:4802,(anonymous_401)
FN:4813,stateChange
FN:4834,(anonymous_403)
FN:4848,verifyRequestOpened
FN:4854,verifyRequestSent
FN:4860,verifyHeadersReceived
FN:4866,verifyResponseBodyType
FN:4875,parseXML
FN:4935,makeApi
FN:4941,open
FN:4955,(anonymous_411)
FN:4965,readyStateChange
FN:4993,setRequestHeader
FN:5008,setResponseHeaders
FN:5026,send
FN:5053,abort
FN:5077,getResponseHeader
FN:5091,getAllResponseHeaders
FN:5108,setResponseBody
FN:5141,respond
FN:5148,uploadProgress
FN:5154,downloadProgress
FN:5160,uploadError
FN:5175,(anonymous_424)
FN:5176,restore
FN:5196,ActiveXObject
FN:5215,loadDependencies
FN:5259,(anonymous_428)
FN:5263,responseArray
FN:5281,matchOne
FN:5290,match
FN:5310,makeApi
FN:5312,(anonymous_433)
FN:5322,(anonymous_434)
FN:5328,(anonymous_435)
FN:5344,addRequest
FN:5348,(anonymous_437)
FN:5354,(anonymous_438)
FN:5364,getHTTPMethod
FN:5373,handleRequest
FN:5385,log
FN:5394,respondWith
FN:5422,respond
FN:5435,processRequest
FN:5462,restore
FN:5471,loadDependencies
FN:5507,(anonymous_447)
FN:5509,makeApi
FN:5510,Server
FN:5515,addRequest
FN:5529,(anonymous_451)
FN:5535,(anonymous_452)
FN:5546,respond
FN:5562,restore
FN:5574,loadDependencies
FN:5606,(anonymous_456)
FN:5608,makeApi
FN:5611,exposeValue
FN:5624,prepareSandboxFromConfig
FN:5647,useFakeTimers
FN:5655,useFakeServer
FN:5666,(anonymous_462)
FN:5683,(anonymous_463)
FN:5688,(anonymous_464)
FN:5697,(anonymous_465)
FN:5734,loadDependencies
FN:5772,(anonymous_467)
FN:5774,makeApi
FN:5777,test
FN:5784,sinonSandboxedTest
FN:5793,sinonDone
FN:5823,sinonAsyncSandboxedTest
FN:5846,loadDependencies
FN:5873,(anonymous_474)
FN:5875,createTest
FN:5876,(anonymous_476)
FN:5901,makeApi
FN:5902,testCase
FN:5944,loadDependencies
FN:5981,(anonymous_480)
FN:5985,makeApi
FN:5988,verifyIsStub
FN:6013,failAssertion
FN:6019,mirrorPropAsAssertion
FN:6025,(anonymous_485)
FN:6046,exposedName
FN:6054,fail
FN:6061,pass
FN:6063,assertCallOrder
FN:6090,assertCallCount
FN:6102,expose
FN:6120,match
FN:6137,(anonymous_493)
FN:6168,loadDependencies
FNF:494
FNH:93
FNDA:1,(anonymous_1)
FNDA:0,(anonymous_2)
FNDA:1,(anonymous_3)
FNDA:1,(anonymous_4)
FNDA:3,define
FNDA:1,(anonymous_6)
FNDA:0,(anonymous_7)
FNDA:0,(anonymous_8)
FNDA:1,(anonymous_9)
FNDA:0,isNaN
FNDA:0,getClass
FNDA:0,isArguments
FNDA:0,isElement
FNDA:0,keys
FNDA:0,isDate
FNDA:0,isNegZero
FNDA:0,identical
FNDA:0,deepEqualCyclic
FNDA:0,isObject
FNDA:0,getIndex
FNDA:0,deepEqual
FNDA:0,arrayContains
FNDA:0,match
FNDA:1,(anonymous_24)
FNDA:0,(anonymous_25)
FNDA:0,(anonymous_26)
FNDA:1,(anonymous_27)
FNDA:0,functionName
FNDA:0,constructorName
FNDA:0,isCircular
FNDA:0,ascii
FNDA:0,(anonymous_32)
FNDA:0,(anonymous_33)
FNDA:0,(anonymous_34)
FNDA:0,(anonymous_35)
FNDA:1,Formatio
FNDA:1,(anonymous_37)
FNDA:0,(anonymous_38)
FNDA:0,(anonymous_39)
FNDA:1,(anonymous_40)
FNDA:1,(anonymous_41)
FNDA:1,e
FNDA:2,s
FNDA:0,(anonymous_44)
FNDA:1,(anonymous_45)
FNDA:1,(anonymous_46)
FNDA:1,(anonymous_47)
FNDA:0,(anonymous_48)
FNDA:0,parseTime
FNDA:0,getEpoch
FNDA:0,inRange
FNDA:0,mirrorDateProperties
FNDA:0,now
FNDA:0,toSource
FNDA:0,toString
FNDA:0,createDate
FNDA:0,ClockDate
FNDA:0,addTimer
FNDA:0,compareTimers
FNDA:0,firstTimerInRange
FNDA:0,callTimer
FNDA:0,uninstall
FNDA:0,hijackMethod
FNDA:0,(anonymous_64)
FNDA:0,(anonymous_65)
FNDA:0,createClock
FNDA:0,setTimeout
FNDA:0,clearTimeout
FNDA:0,setInterval
FNDA:0,clearInterval
FNDA:0,setImmediate
FNDA:0,clearImmediate
FNDA:0,tick
FNDA:0,reset
FNDA:0,detectKnownFailSituation
FNDA:0,install
FNDA:0,(anonymous_77)
FNDA:1,(anonymous_78)
FNDA:0,loadDependencies
FNDA:1,(anonymous_80)
FNDA:0,isDOMNode
FNDA:0,isElement
FNDA:0,isFunction
FNDA:0,isReallyNaN
FNDA:0,mirrorProperties
FNDA:0,isRestorable
FNDA:1,makeApi
FNDA:0,wrapMethod
FNDA:0,checkWrappedMethod
FNDA:0,(anonymous_90)
FNDA:13,create
FNDA:13,(anonymous_92)
FNDA:0,deepEqual
FNDA:0,functionName
FNDA:0,toString
FNDA:0,objectKeys
FNDA:0,getPropertyDescriptor
FNDA:0,(anonymous_98)
FNDA:0,timesInWords
FNDA:0,(anonymous_100)
FNDA:0,(anonymous_101)
FNDA:0,(anonymous_102)
FNDA:0,(anonymous_103)
FNDA:0,(anonymous_104)
FNDA:0,loadDependencies
FNDA:1,(anonymous_106)
FNDA:1,makeApi
FNDA:1,(anonymous_108)
FNDA:1,(anonymous_109)
FNDA:1,(anonymous_110)
FNDA:1,(anonymous_111)
FNDA:1,(anonymous_112)
FNDA:1,(anonymous_113)
FNDA:1,(anonymous_114)
FNDA:1,(anonymous_115)
FNDA:11,(anonymous_116)
FNDA:1,(anonymous_117)
FNDA:1,(anonymous_118)
FNDA:8,extend
FNDA:0,loadDependencies
FNDA:1,(anonymous_121)
FNDA:1,makeApi
FNDA:0,timesInWords
FNDA:0,loadDependencies
FNDA:1,(anonymous_125)
FNDA:1,makeApi
FNDA:20,typeOf
FNDA:0,loadDependencies
FNDA:1,(anonymous_129)
FNDA:1,makeApi
FNDA:8,assertType
FNDA:0,(anonymous_132)
FNDA:0,isMatcher
FNDA:0,matchObject
FNDA:12,match
FNDA:0,(anonymous_136)
FNDA:0,(anonymous_137)
FNDA:0,(anonymous_138)
FNDA:0,(anonymous_139)
FNDA:0,(anonymous_140)
FNDA:0,(anonymous_141)
FNDA:0,(anonymous_142)
FNDA:0,(anonymous_143)
FNDA:0,(anonymous_144)
FNDA:0,(anonymous_145)
FNDA:0,(anonymous_146)
FNDA:0,(anonymous_147)
FNDA:0,(anonymous_148)
FNDA:0,(anonymous_149)
FNDA:0,(anonymous_150)
FNDA:0,(anonymous_151)
FNDA:8,(anonymous_152)
FNDA:0,(anonymous_153)
FNDA:0,(anonymous_154)
FNDA:0,(anonymous_155)
FNDA:2,createPropertyMatcher
FNDA:0,(anonymous_157)
FNDA:0,(anonymous_158)
FNDA:0,(anonymous_159)
FNDA:0,(anonymous_160)
FNDA:0,loadDependencies
FNDA:1,(anonymous_162)
FNDA:1,makeApi
FNDA:0,valueFormatter
FNDA:1,getFormatioFormatter
FNDA:0,format
FNDA:0,getNodeFormatter
FNDA:0,format
FNDA:0,loadDependencies
FNDA:1,(anonymous_170)
FNDA:1,makeApi
FNDA:0,throwYieldError
FNDA:0,calledOn
FNDA:0,calledWith
FNDA:0,calledWithMatch
FNDA:0,calledWithExactly
FNDA:0,notCalledWith
FNDA:0,notCalledWithMatch
FNDA:0,returned
FNDA:0,threw
FNDA:0,calledWithNew
FNDA:0,(anonymous_182)
FNDA:0,(anonymous_183)
FNDA:0,(anonymous_184)
FNDA:0,(anonymous_185)
FNDA:0,(anonymous_186)
FNDA:0,(anonymous_187)
FNDA:0,(anonymous_188)
FNDA:0,(anonymous_189)
FNDA:0,(anonymous_190)
FNDA:0,(anonymous_191)
FNDA:0,(anonymous_192)
FNDA:0,(anonymous_193)
FNDA:0,createSpyCall
FNDA:0,loadDependencies
FNDA:1,(anonymous_196)
FNDA:1,makeApi
FNDA:0,spy
FNDA:0,(anonymous_199)
FNDA:0,matchingFake
FNDA:0,incrementCallCount
FNDA:0,createCallProperties
FNDA:0,createProxy
FNDA:0,proxy
FNDA:0,(anonymous_205)
FNDA:0,create
FNDA:0,(anonymous_207)
FNDA:0,invoke
FNDA:0,named
FNDA:0,getCall
FNDA:0,(anonymous_211)
FNDA:0,calledBefore
FNDA:0,calledAfter
FNDA:0,(anonymous_214)
FNDA:0,(anonymous_215)
FNDA:0,(anonymous_216)
FNDA:0,(anonymous_217)
FNDA:0,(anonymous_218)
FNDA:22,delegateToCalls
FNDA:0,(anonymous_220)
FNDA:0,(anonymous_221)
FNDA:0,(anonymous_222)
FNDA:0,(anonymous_223)
FNDA:0,(anonymous_224)
FNDA:0,(anonymous_225)
FNDA:0,(anonymous_226)
FNDA:0,(anonymous_227)
FNDA:0,(anonymous_228)
FNDA:0,(anonymous_229)
FNDA:0,(anonymous_230)
FNDA:0,(anonymous_231)
FNDA:0,(anonymous_232)
FNDA:0,(anonymous_233)
FNDA:0,loadDependencies
FNDA:1,(anonymous_235)
FNDA:1,(anonymous_236)
FNDA:0,(anonymous_237)
FNDA:0,throwsException
FNDA:0,getCallback
FNDA:1,makeApi
FNDA:0,getCallbackError
FNDA:0,callCallback
FNDA:0,(anonymous_243)
FNDA:0,create
FNDA:0,isPresent
FNDA:0,invoke
FNDA:0,onCall
FNDA:0,onFirstCall
FNDA:0,onSecondCall
FNDA:0,onThirdCall
FNDA:0,withArgs
FNDA:0,callsArg
FNDA:0,callsArgOn
FNDA:0,callsArgWith
FNDA:0,callsArgWith
FNDA:0,(anonymous_256)
FNDA:0,(anonymous_257)
FNDA:0,(anonymous_258)
FNDA:0,(anonymous_259)
FNDA:0,(anonymous_260)
FNDA:0,returns
FNDA:0,returnsArg
FNDA:0,returnsThis
FNDA:9,createAsyncVersion
FNDA:0,(anonymous_265)
FNDA:0,loadDependencies
FNDA:1,(anonymous_267)
FNDA:1,makeApi
FNDA:0,stub
FNDA:0,getParentBehaviour
FNDA:0,getDefaultBehavior
FNDA:0,getCurrentBehavior
FNDA:0,create
FNDA:0,(anonymous_274)
FNDA:0,(anonymous_275)
FNDA:0,onCall
FNDA:0,onFirstCall
FNDA:0,onSecondCall
FNDA:0,onThirdCall
FNDA:24,createBehavior
FNDA:0,(anonymous_281)
FNDA:0,loadDependencies
FNDA:1,(anonymous_283)
FNDA:1,makeApi
FNDA:0,mock
FNDA:0,each
FNDA:0,arrayEquals
FNDA:0,create
FNDA:0,expects
FNDA:0,(anonymous_290)
FNDA:0,restore
FNDA:0,(anonymous_292)
FNDA:0,verify
FNDA:0,(anonymous_294)
FNDA:0,(anonymous_295)
FNDA:0,invokeMethod
FNDA:0,callCountInWords
FNDA:0,expectedCallCountInWords
FNDA:0,receivedMinCalls
FNDA:0,receivedMaxCalls
FNDA:0,verifyMatcher
FNDA:0,create
FNDA:0,invoke
FNDA:0,atLeast
FNDA:0,atMost
FNDA:0,never
FNDA:0,once
FNDA:0,twice
FNDA:0,thrice
FNDA:0,exactly
FNDA:0,met
FNDA:0,verifyCallAllowed
FNDA:0,allowsCall
FNDA:0,withArgs
FNDA:0,withExactArgs
FNDA:0,on
FNDA:0,(anonymous_317)
FNDA:0,verify
FNDA:0,pass
FNDA:0,fail
FNDA:0,loadDependencies
FNDA:1,(anonymous_322)
FNDA:0,getFakes
FNDA:0,each
FNDA:0,compact
FNDA:1,makeApi
FNDA:0,resolve
FNDA:0,restore
FNDA:0,restore
FNDA:0,verifyAndRestore
FNDA:0,add
FNDA:0,spy
FNDA:0,stub
FNDA:0,(anonymous_334)
FNDA:0,mock
FNDA:0,inject
FNDA:0,(anonymous_337)
FNDA:0,(anonymous_338)
FNDA:0,(anonymous_339)
FNDA:0,loadDependencies
FNDA:1,(anonymous_341)
FNDA:1,makeApi
FNDA:0,(anonymous_343)
FNDA:0,(anonymous_344)
FNDA:0,loadDependencies
FNDA:1,(anonymous_346)
FNDA:1,makeApi
FNDA:2,Event
FNDA:2,(anonymous_349)
FNDA:0,(anonymous_350)
FNDA:0,(anonymous_351)
FNDA:0,ProgressEvent
FNDA:0,CustomEvent
FNDA:0,addEventListener
FNDA:0,removeEventListener
FNDA:0,dispatchEvent
FNDA:0,loadDependencies
FNDA:1,(anonymous_358)
FNDA:1,makeApi
FNDA:0,log
FNDA:0,logError
FNDA:0,(anonymous_362)
FNDA:0,(anonymous_363)
FNDA:0,loadDependencies
FNDA:1,(anonymous_365)
FNDA:1,makeApi
FNDA:0,FakeXDomainRequest
FNDA:0,verifyState
FNDA:0,verifyRequestSent
FNDA:0,verifyResponseBodyType
FNDA:0,open
FNDA:0,readyStateChange
FNDA:0,send
FNDA:0,abort
FNDA:0,setResponseBody
FNDA:0,respond
FNDA:0,simulatetimeout
FNDA:0,useFakeXDomainRequest
FNDA:0,restore
FNDA:0,loadDependencies
FNDA:1,(anonymous_381)
FNDA:1,getWorkingXHR
FNDA:0,(anonymous_383)
FNDA:0,UploadProgress
FNDA:0,addEventListener
FNDA:0,removeEventListener
FNDA:0,dispatchEvent
FNDA:0,FakeXMLHttpRequest
FNDA:0,addEventListener
FNDA:0,(anonymous_390)
FNDA:0,verifyState
FNDA:0,getHeader
FNDA:0,each
FNDA:0,some
FNDA:0,(anonymous_395)
FNDA:0,addFilter
FNDA:0,defake
FNDA:0,(anonymous_398)
FNDA:0,(anonymous_399)
FNDA:0,(anonymous_400)
FNDA:0,(anonymous_401)
FNDA:0,stateChange
FNDA:0,(anonymous_403)
FNDA:0,verifyRequestOpened
FNDA:0,verifyRequestSent
FNDA:0,verifyHeadersReceived
FNDA:0,verifyResponseBodyType
FNDA:0,parseXML
FNDA:1,makeApi
FNDA:0,open
FNDA:0,(anonymous_411)
FNDA:0,readyStateChange
FNDA:0,setRequestHeader
FNDA:0,setResponseHeaders
FNDA:0,send
FNDA:0,abort
FNDA:0,getResponseHeader
FNDA:0,getAllResponseHeaders
FNDA:0,setResponseBody
FNDA:0,respond
FNDA:0,uploadProgress
FNDA:0,downloadProgress
FNDA:0,uploadError
FNDA:0,(anonymous_424)
FNDA:0,restore
FNDA:0,ActiveXObject
FNDA:0,loadDependencies
FNDA:1,(anonymous_428)
FNDA:0,responseArray
FNDA:0,matchOne
FNDA:0,match
FNDA:1,makeApi
FNDA:0,(anonymous_433)
FNDA:0,(anonymous_434)
FNDA:0,(anonymous_435)
FNDA:0,addRequest
FNDA:0,(anonymous_437)
FNDA:0,(anonymous_438)
FNDA:0,getHTTPMethod
FNDA:0,handleRequest
FNDA:0,log
FNDA:0,respondWith
FNDA:0,respond
FNDA:0,processRequest
FNDA:0,restore
FNDA:0,loadDependencies
FNDA:1,(anonymous_447)
FNDA:1,makeApi
FNDA:1,Server
FNDA:0,addRequest
FNDA:0,(anonymous_451)
FNDA:0,(anonymous_452)
FNDA:0,respond
FNDA:0,restore
FNDA:0,loadDependencies
FNDA:1,(anonymous_456)
FNDA:1,makeApi
FNDA:0,exposeValue
FNDA:0,prepareSandboxFromConfig
FNDA:0,useFakeTimers
FNDA:0,useFakeServer
FNDA:0,(anonymous_462)
FNDA:0,(anonymous_463)
FNDA:0,(anonymous_464)
FNDA:0,(anonymous_465)
FNDA:0,loadDependencies
FNDA:1,(anonymous_467)
FNDA:1,makeApi
FNDA:0,test
FNDA:0,sinonSandboxedTest
FNDA:0,sinonDone
FNDA:0,sinonAsyncSandboxedTest
FNDA:0,loadDependencies
FNDA:1,(anonymous_474)
FNDA:0,createTest
FNDA:0,(anonymous_476)
FNDA:1,makeApi
FNDA:0,testCase
FNDA:0,loadDependencies
FNDA:1,(anonymous_480)
FNDA:1,makeApi
FNDA:0,verifyIsStub
FNDA:0,failAssertion
FNDA:19,mirrorPropAsAssertion
FNDA:0,(anonymous_485)
FNDA:0,exposedName
FNDA:0,fail
FNDA:0,pass
FNDA:0,assertCallOrder
FNDA:0,assertCallCount
FNDA:0,expose
FNDA:0,match
FNDA:0,(anonymous_493)
FNDA:0,loadDependencies
DA:36,1
DA:38,1
DA:39,0
DA:40,0
DA:42,1
DA:43,0
DA:45,1
DA:49,1
DA:50,1
DA:51,1
DA:52,3
DA:53,1
DA:54,2
DA:55,1
DA:56,1
DA:57,1
DA:60,1
DA:61,1
DA:63,0
DA:64,0
DA:66,1
DA:67,1
DA:69,1
DA:73,0
DA:74,0
DA:77,1
DA:81,0
DA:91,1
DA:92,0
DA:93,0
DA:95,0
DA:97,0
DA:98,0
DA:99,0
DA:100,0
DA:102,0
DA:104,0
DA:116,1
DA:117,0
DA:118,0
DA:119,0
DA:120,0
DA:122,0
DA:124,0
DA:133,1
DA:134,0
DA:135,0
DA:136,0
DA:138,0
DA:150,1
DA:151,0
DA:161,1
DA:162,0
DA:176,1
DA:177,0
DA:178,0
DA:198,1
DA:202,0
DA:218,1
DA:220,0
DA:227,0
DA:230,0
DA:238,1
DA:240,0
DA:241,0
DA:242,0
DA:243,0
DA:247,0
DA:251,0
DA:252,0
DA:253,0
DA:256,0
DA:261,0
DA:265,0
DA:267,0
DA:268,0
DA:269,0
DA:270,0
DA:274,0
DA:275,0
DA:278,0
DA:279,0
DA:280,0
DA:281,0
DA:283,0
DA:284,0
DA:286,0
DA:288,0
DA:292,0
DA:299,0
DA:300,0
DA:301,0
DA:302,0
DA:307,0
DA:308,0
DA:310,0
DA:311,0
DA:316,0
DA:317,0
DA:323,0
DA:326,0
DA:331,0
DA:332,0
DA:336,0
DA:337,0
DA:338,0
DA:340,0
DA:341,0
DA:342,0
DA:346,0
DA:347,0
DA:354,0
DA:355,0
DA:359,0
DA:364,1
DA:366,1
DA:367,0
DA:368,0
DA:369,0
DA:370,0
DA:371,0
DA:372,0
DA:374,0
DA:377,0
DA:387,1
DA:388,0
DA:389,0
DA:392,0
DA:393,0
DA:396,0
DA:397,0
DA:398,0
DA:399,0
DA:403,0
DA:404,0
DA:407,0
DA:408,0
DA:411,0
DA:412,0
DA:415,0
DA:416,0
DA:419,0
DA:420,0
DA:423,0
DA:424,0
DA:425,0
DA:427,0
DA:428,0
DA:429,0
DA:430,0
DA:432,0
DA:434,0
DA:435,0
DA:436,0
DA:438,0
DA:439,0
DA:442,0
DA:445,0
DA:449,1
DA:460,1
DA:461,1
DA:463,0
DA:464,0
DA:467,1
DA:473,1
DA:475,1
DA:476,1
DA:477,0
DA:479,1
DA:480,1
DA:485,1
DA:486,1
DA:489,1
DA:490,0
DA:491,0
DA:492,0
DA:493,0
DA:494,0
DA:497,1
DA:498,0
DA:499,0
DA:502,0
DA:503,0
DA:504,0
DA:505,0
DA:506,0
DA:507,0
DA:511,0
DA:514,1
DA:515,0
DA:516,0
DA:517,0
DA:518,0
DA:520,0
DA:523,1
DA:524,0
DA:525,0
DA:526,0
DA:527,0
DA:530,0
DA:531,0
DA:534,0
DA:536,0
DA:538,0
DA:539,0
DA:542,0
DA:543,0
DA:545,0
DA:547,0
DA:550,0
DA:551,0
DA:552,0
DA:553,0
DA:557,0
DA:560,1
DA:561,0
DA:564,1
DA:565,0
DA:566,0
DA:567,0
DA:568,0
DA:569,0
DA:572,0
DA:573,0
DA:576,0
DA:577,0
DA:579,0
DA:582,1
DA:583,0
DA:584,0
DA:585,0
DA:586,0
DA:587,0
DA:588,0
DA:589,0
DA:592,0
DA:593,0
DA:594,0
DA:596,0
DA:597,0
DA:599,0
DA:602,0
DA:603,0
DA:604,0
DA:607,0
DA:608,0
DA:609,0
DA:610,0
DA:612,0
DA:613,0
DA:615,0
DA:616,0
DA:619,0
DA:622,1
DA:623,0
DA:624,0
DA:626,0
DA:627,0
DA:628,0
DA:629,0
DA:630,0
DA:631,0
DA:635,0
DA:636,0
DA:638,0
DA:639,0
DA:642,0
DA:645,0
DA:648,1
DA:649,1
DA:650,2
DA:654,1
DA:658,1
DA:662,0
DA:666,0
DA:670,1
DA:672,2
DA:673,1
DA:682,1
DA:687,1
DA:689,1
DA:690,1
DA:691,1
DA:692,1
DA:693,1
DA:694,1
DA:695,1
DA:701,1
DA:702,1
DA:703,1
DA:704,1
DA:706,1
DA:707,1
DA:714,1
DA:715,0
DA:716,0
DA:719,0
DA:720,0
DA:721,0
DA:723,0
DA:724,0
DA:727,0
DA:728,0
DA:730,0
DA:731,0
DA:734,0
DA:737,0
DA:743,1
DA:744,0
DA:745,0
DA:746,0
DA:747,0
DA:750,1
DA:751,0
DA:754,1
DA:755,0
DA:756,0
DA:757,0
DA:758,0
DA:763,0
DA:764,0
DA:765,0
DA:768,0
DA:772,0
DA:773,0
DA:774,0
DA:777,0
DA:781,0
DA:782,0
DA:785,0
DA:786,0
DA:787,0
DA:788,0
DA:790,0
DA:793,1
DA:794,1
DA:797,0
DA:799,0
DA:801,0
DA:803,0
DA:805,0
DA:807,0
DA:809,0
DA:811,0
DA:813,0
DA:817,0
DA:820,1
DA:821,0
DA:822,0
DA:825,0
DA:826,0
DA:829,0
DA:830,0
DA:831,0
DA:833,0
DA:835,0
DA:836,0
DA:843,0
DA:847,1
DA:849,0
DA:850,0
DA:852,0
DA:853,0
DA:857,0
DA:858,0
DA:860,0
DA:861,0
DA:865,0
DA:866,0
DA:868,0
DA:869,0
DA:873,0
DA:874,0
DA:876,0
DA:877,0
DA:883,1
DA:884,0
DA:889,0
DA:890,0
DA:891,0
DA:893,0
DA:894,0
DA:899,0
DA:902,1
DA:903,0
DA:905,0
DA:906,0
DA:908,0
DA:911,0
DA:912,0
DA:913,0
DA:915,0
DA:918,0
DA:921,0
DA:922,0
DA:923,0
DA:925,0
DA:928,0
DA:929,0
DA:933,1
DA:934,0
DA:938,0
DA:939,0
DA:941,0
DA:942,0
DA:944,0
DA:945,0
DA:951,0
DA:954,1
DA:955,0
DA:957,0
DA:958,0
DA:960,0
DA:961,0
DA:962,0
DA:964,0
DA:965,0
DA:968,0
DA:969,0
DA:970,0
DA:975,0
DA:978,1
DA:988,1
DA:989,0
DA:992,0
DA:993,0
DA:994,0
DA:998,0
DA:1001,1
DA:1003,1
DA:1004,0
DA:1010,0
DA:1012,0
DA:1013,0
DA:1020,0
DA:1021,0
DA:1024,0
DA:1027,0
DA:1028,0
DA:1033,0
DA:1034,0
DA:1037,0
DA:1038,0
DA:1042,0
DA:1043,0
DA:1051,0
DA:1052,0
DA:1055,0
DA:1056,0
DA:1063,0
DA:1064,0
DA:1067,0
DA:1068,0
DA:1069,0
DA:1070,0
DA:1072,0
DA:1074,0
DA:1075,0
DA:1076,0
DA:1077,0
DA:1078,0
DA:1079,0
DA:1081,0
DA:1085,0
DA:1086,0
DA:1089,0
DA:1090,0
DA:1092,0
DA:1093,0
DA:1096,0
DA:1099,0
DA:1100,0
DA:1103,0
DA:1105,1
DA:1107,1
DA:1108,0
DA:1110,0
DA:1111,0
DA:1114,0
DA:1115,0
DA:1119,1
DA:1120,0
DA:1123,0
DA:1124,0
DA:1125,0
DA:1126,0
DA:1129,0
DA:1130,0
DA:1133,0
DA:1135,0
DA:1136,0
DA:1139,0
DA:1141,0
DA:1142,0
DA:1145,0
DA:1147,0
DA:1148,0
DA:1151,0
DA:1160,1
DA:1169,1
DA:1173,1
DA:1174,1
DA:1175,1
DA:1177,1
DA:1178,0
DA:1179,0
DA:1180,0
DA:1181,0
DA:1182,0
DA:1183,0
DA:1184,0
DA:1185,0
DA:1186,0
DA:1187,0
DA:1188,0
DA:1189,0
DA:1190,0
DA:1191,0
DA:1192,0
DA:1193,0
DA:1194,0
DA:1197,1
DA:1198,0
DA:1199,1
DA:1200,0
DA:1201,0
DA:1203,1
DA:1206,1
DA:1220,1
DA:1222,1
DA:1223,1
DA:1225,1
DA:1226,0
DA:1228,0
DA:1229,0
DA:1230,0
DA:1232,0
DA:1234,0
DA:1235,0
DA:1241,0
DA:1244,1
DA:1245,0
DA:1248,1
DA:1249,0
DA:1252,1
DA:1253,0
DA:1256,1
DA:1257,0
DA:1258,0
DA:1259,0
DA:1264,1
DA:1265,0
DA:1269,1
DA:1271,1
DA:1272,1
DA:1273,0
DA:1274,0
DA:1277,0
DA:1278,0
DA:1281,1
DA:1282,0
DA:1284,0
DA:1285,0
DA:1287,0
DA:1288,0
DA:1289,0
DA:1290,0
DA:1291,0
DA:1294,0
DA:1295,0
DA:1296,0
DA:1298,0
DA:1302,0
DA:1306,0
DA:1308,0
DA:1309,0
DA:1310,0
DA:1312,0
DA:1313,0
DA:1315,0
DA:1316,0
DA:1318,0
DA:1319,0
DA:1320,0
DA:1322,0
DA:1325,0
DA:1326,0
DA:1327,0
DA:1328,0
DA:1331,0
DA:1332,0
DA:1333,0
DA:1335,0
DA:1337,0
DA:1338,0
DA:1339,0
DA:1340,0
DA:1343,0
DA:1347,0
DA:1349,0
DA:1353,0
DA:1355,0
DA:1356,0
DA:1360,0
DA:1361,0
DA:1366,0
DA:1367,0
DA:1371,0
DA:1373,0
DA:1374,0
DA:1377,0
DA:1380,1
DA:1381,13
DA:1382,13
DA:1383,13
DA:1386,1
DA:1387,0
DA:1388,0
DA:1391,0
DA:1392,0
DA:1395,0
DA:1396,0
DA:1399,0
DA:1400,0
DA:1403,0
DA:1404,0
DA:1407,0
DA:1408,0
DA:1412,0
DA:1413,0
DA:1414,0
DA:1417,0
DA:1418,0
DA:1421,0
DA:1422,0
DA:1423,0
DA:1425,0
DA:1426,0
DA:1429,0
DA:1430,0
DA:1431,0
DA:1433,0
DA:1434,0
DA:1437,0
DA:1438,0
DA:1443,0
DA:1444,0
DA:1445,0
DA:1449,0
DA:1452,1
DA:1453,0
DA:1459,0
DA:1460,0
DA:1461,0
DA:1464,0
DA:1467,1
DA:1468,0
DA:1469,0
DA:1471,0
DA:1473,0
DA:1474,0
DA:1476,0
DA:1477,0
DA:1478,0
DA:1484,0
DA:1487,1
DA:1488,0
DA:1489,0
DA:1492,0
DA:1493,0
DA:1494,0
DA:1495,0
DA:1496,0
DA:1500,0
DA:1503,1
DA:1504,0
DA:1505,0
DA:1507,0
DA:1508,0
DA:1510,0
DA:1513,1
DA:1514,0
DA:1515,0
DA:1516,0
DA:1518,0
DA:1519,0
DA:1520,0
DA:1524,0
DA:1527,1
DA:1535,1
DA:1536,0
DA:1542,1
DA:1543,0
DA:1544,0
DA:1545,0
DA:1549,0
DA:1552,1
DA:1553,0
DA:1555,0
DA:1556,0
DA:1557,0
DA:1558,0
DA:1560,0
DA:1564,1
DA:1565,0
DA:1566,0
DA:1568,0
DA:1571,1
DA:1572,0
DA:1573,0
DA:1574,0
DA:1575,0
DA:1578,0
DA:1579,0
DA:1583,1
DA:1586,1
DA:1587,1
DA:1589,1
DA:1590,0
DA:1593,1
DA:1594,0
DA:1595,0
DA:1598,1
DA:1599,0
DA:1600,0
DA:1603,1
DA:1604,1
DA:1613,1
DA:1615,1
DA:1618,1
DA:1619,1
DA:1621,1
DA:1624,1
DA:1627,1
DA:1630,1
DA:1633,1
DA:1636,1
DA:1639,1
DA:1642,11
DA:1645,1
DA:1648,1
DA:1652,1
DA:1653,1
DA:1654,10
DA:1655,10
DA:1658,1
DA:1669,1
DA:1670,8
DA:1671,8
DA:1673,8
DA:1674,10
DA:1676,10
DA:1677,116
DA:1678,116
DA:1684,10
DA:1685,0
DA:1689,8
DA:1692,1
DA:1693,1
DA:1696,1
DA:1697,0
DA:1698,0
DA:1701,1
DA:1702,1
DA:1704,1
DA:1705,0
DA:1706,0
DA:1709,1
DA:1710,0
DA:1711,0
DA:1714,1
DA:1715,1
DA:1724,1
DA:1726,1
DA:1728,1
DA:1729,0
DA:1731,0
DA:1733,0
DA:1735,0
DA:1737,0
DA:1741,1
DA:1742,1
DA:1745,1
DA:1746,0
DA:1747,0
DA:1750,1
DA:1751,1
DA:1753,1
DA:1754,0
DA:1755,0
DA:1758,1
DA:1759,0
DA:1760,0
DA:1763,1
DA:1764,1
DA:1781,1
DA:1783,1
DA:1784,1
DA:1785,20
DA:1786,0
DA:1787,20
DA:1788,0
DA:1790,20
DA:1791,20
DA:1794,1
DA:1795,1
DA:1798,1
DA:1799,0
DA:1800,0
DA:1803,1
DA:1804,1
DA:1806,1
DA:1807,0
DA:1808,0
DA:1811,1
DA:1812,0
DA:1813,0
DA:1816,1
DA:1817,1
DA:1837,1
DA:1839,1
DA:1840,1
DA:1841,8
DA:1842,8
DA:1843,0
DA:1848,1
DA:1850,0
DA:1854,1
DA:1855,0
DA:1858,1
DA:1859,0
DA:1860,0
DA:1862,0
DA:1863,0
DA:1864,0
DA:1865,0
DA:1866,0
DA:1867,0
DA:1868,0
DA:1870,0
DA:1871,0
DA:1872,0
DA:1874,0
DA:1875,0
DA:1879,0
DA:1882,1
DA:1883,12
DA:1884,12
DA:1885,12
DA:1887,0
DA:1888,0
DA:1889,0
DA:1891,0
DA:1892,0
DA:1894,0
DA:1895,0
DA:1896,0
DA:1897,0
DA:1900,0
DA:1901,0
DA:1903,0
DA:1904,0
DA:1906,0
DA:1908,0
DA:1910,0
DA:1912,0
DA:1913,0
DA:1914,0
DA:1916,0
DA:1918,0
DA:1919,0
DA:1921,0
DA:1922,0
DA:1923,0
DA:1925,0
DA:1927,0
DA:1929,12
DA:1930,12
DA:1931,12
DA:1933,0
DA:1935,12
DA:1937,0
DA:1938,0
DA:1941,12
DA:1942,0
DA:1944,12
DA:1947,1
DA:1948,0
DA:1949,0
DA:1950,0
DA:1951,0
DA:1953,0
DA:1954,0
DA:1955,0
DA:1956,0
DA:1958,0
DA:1959,0
DA:1962,1
DA:1963,0
DA:1964,0
DA:1965,0
DA:1966,0
DA:1968,0
DA:1969,0
DA:1970,0
DA:1971,0
DA:1973,0
DA:1974,0
DA:1977,1
DA:1979,1
DA:1980,0
DA:1983,1
DA:1984,0
DA:1987,1
DA:1988,0
DA:1991,1
DA:1992,0
DA:1995,1
DA:1996,0
DA:1997,0
DA:2001,1
DA:2002,8
DA:2003,8
DA:2004,0
DA:2008,1
DA:2009,0
DA:2010,0
DA:2011,0
DA:2015,1
DA:2016,2
DA:2017,0
DA:2018,0
DA:2019,0
DA:2020,0
DA:2021,0
DA:2023,0
DA:2024,0
DA:2025,0
DA:2027,0
DA:2029,0
DA:2034,1
DA:2035,0
DA:2036,0
DA:2038,0
DA:2041,1
DA:2042,0
DA:2045,1
DA:2046,1
DA:2047,1
DA:2048,1
DA:2049,1
DA:2050,1
DA:2051,1
DA:2052,1
DA:2054,1
DA:2055,1
DA:2058,1
DA:2059,1
DA:2061,1
DA:2062,0
DA:2063,0
DA:2064,0
DA:2067,1
DA:2068,0
DA:2069,0
DA:2072,1
DA:2073,0
DA:2074,0
DA:2077,1
DA:2078,1
DA:2095,1
DA:2097,1
DA:2098,1
DA:2099,0
DA:2102,1
DA:2103,1
DA:2108,1
DA:2109,0
DA:2112,1
DA:2115,1
DA:2116,0
DA:2117,0
DA:2122,1
DA:2123,0
DA:2124,0
DA:2127,0
DA:2130,1
DA:2131,1
DA:2133,1
DA:2134,0
DA:2135,0
DA:2140,1
DA:2141,1
DA:2142,0
DA:2143,0
DA:2145,0
DA:2148,1
DA:2149,1
DA:2152,1
DA:2153,0
DA:2154,0
DA:2157,1
DA:2158,1
DA:2160,1
DA:2161,0
DA:2162,0
DA:2165,1
DA:2166,0
DA:2167,0
DA:2170,1
DA:2171,1
DA:2193,1
DA:2195,1
DA:2197,1
DA:2198,1
DA:2199,0
DA:2200,0
DA:2201,0
DA:2203,0
DA:2206,1
DA:2208,0
DA:2209,0
DA:2211,0
DA:2215,0
DA:2216,0
DA:2217,0
DA:2219,0
DA:2220,0
DA:2221,0
DA:2225,0
DA:2229,0
DA:2230,0
DA:2231,0
DA:2233,0
DA:2234,0
DA:2235,0
DA:2236,0
DA:2237,0
DA:2240,0
DA:2244,0
DA:2249,0
DA:2253,0
DA:2257,0
DA:2261,0
DA:2262,0
DA:2265,0
DA:2269,0
DA:2273,0
DA:2277,0
DA:2281,0
DA:2285,0
DA:2289,0
DA:2293,0
DA:2294,0
DA:2298,0
DA:2302,0
DA:2303,0
DA:2304,0
DA:2305,0
DA:2306,0
DA:2309,0
DA:2313,0
DA:2317,0
DA:2318,0
DA:2319,0
DA:2320,0
DA:2321,0
DA:2324,0
DA:2330,0
DA:2334,0
DA:2335,0
DA:2337,0
DA:2338,0
DA:2341,0
DA:2343,0
DA:2344,0
DA:2347,0
DA:2348,0
DA:2350,0
DA:2351,0
DA:2354,0
DA:2355,0
DA:2359,0
DA:2363,1
DA:2365,1
DA:2366,0
DA:2367,0
DA:2369,0
DA:2370,0
DA:2371,0
DA:2372,0
DA:2373,0
DA:2374,0
DA:2375,0
DA:2376,0
DA:2378,0
DA:2380,1
DA:2382,1
DA:2383,1
DA:2386,1
DA:2387,1
DA:2389,1
DA:2390,0
DA:2391,0
DA:2392,0
DA:2393,0
DA:2396,1
DA:2397,0
DA:2398,0
DA:2401,1
DA:2402,0
DA:2403,0
DA:2406,1
DA:2407,1
DA:2428,1
DA:2430,1
DA:2431,1
DA:2432,1
DA:2433,1
DA:2435,1
DA:2436,0
DA:2437,0
DA:2440,0
DA:2441,0
DA:2444,0
DA:2445,0
DA:2446,0
DA:2447,0
DA:2449,0
DA:2452,0
DA:2455,1
DA:2456,0
DA:2457,0
DA:2460,0
DA:2461,0
DA:2462,0
DA:2467,1
DA:2468,0
DA:2469,0
DA:2470,0
DA:2471,0
DA:2472,0
DA:2473,0
DA:2476,1
DA:2477,0
DA:2478,0
DA:2479,0
DA:2480,0
DA:2483,1
DA:2484,1
DA:2486,0
DA:2487,0
DA:2488,0
DA:2491,0
DA:2492,0
DA:2495,0
DA:2496,0
DA:2499,1
DA:2502,1
DA:2504,0
DA:2505,0
DA:2507,0
DA:2508,0
DA:2511,0
DA:2512,0
DA:2513,0
DA:2514,0
DA:2515,0
DA:2516,0
DA:2517,0
DA:2518,0
DA:2519,0
DA:2520,0
DA:2521,0
DA:2522,0
DA:2523,0
DA:2524,0
DA:2525,0
DA:2526,0
DA:2527,0
DA:2528,0
DA:2529,0
DA:2533,0
DA:2537,0
DA:2539,0
DA:2540,0
DA:2542,0
DA:2545,0
DA:2546,0
DA:2549,0
DA:2551,0
DA:2552,0
DA:2553,0
DA:2555,0
DA:2556,0
DA:2557,0
DA:2558,0
DA:2559,0
DA:2560,0
DA:2562,0
DA:2566,0
DA:2567,0
DA:2569,0
DA:2570,0
DA:2571,0
DA:2572,0
DA:2575,0
DA:2577,0
DA:2578,0
DA:2580,0
DA:2581,0
DA:2583,0
DA:2586,0
DA:2587,0
DA:2588,0
DA:2591,0
DA:2593,0
DA:2596,0
DA:2597,0
DA:2598,0
DA:2601,0
DA:2603,0
DA:2604,0
DA:2607,0
DA:2611,0
DA:2612,0
DA:2616,0
DA:2617,0
DA:2620,0
DA:2626,0
DA:2627,0
DA:2629,0
DA:2630,0
DA:2633,0
DA:2637,0
DA:2638,0
DA:2641,0
DA:2642,0
DA:2645,0
DA:2649,0
DA:2650,0
DA:2653,0
DA:2657,0
DA:2659,0
DA:2660,0
DA:2662,0
DA:2663,0
DA:2666,0
DA:2669,0
DA:2670,0
DA:2671,0
DA:2672,0
DA:2673,0
DA:2675,0
DA:2676,0
DA:2679,0
DA:2680,0
DA:2681,0
DA:2682,0
DA:2683,0
DA:2684,0
DA:2685,0
DA:2686,0
DA:2689,0
DA:2691,0
DA:2695,0
DA:2697,0
DA:2699,0
DA:2704,0
DA:2705,0
DA:2706,0
DA:2708,0
DA:2709,0
DA:2711,0
DA:2712,0
DA:2713,0
DA:2714,0
DA:2717,0
DA:2722,1
DA:2723,22
DA:2724,0
DA:2725,0
DA:2726,0
DA:2728,0
DA:2731,0
DA:2732,0
DA:2734,0
DA:2735,0
DA:2737,0
DA:2738,0
DA:2740,0
DA:2741,0
DA:2746,0
DA:2750,1
DA:2751,1
DA:2752,1
DA:2753,1
DA:2754,1
DA:2755,1
DA:2756,1
DA:2757,1
DA:2758,1
DA:2759,0
DA:2761,1
DA:2762,0
DA:2764,1
DA:2765,1
DA:2766,1
DA:2767,1
DA:2768,1
DA:2769,1
DA:2770,1
DA:2771,0
DA:2773,1
DA:2774,1
DA:2775,0
DA:2777,1
DA:2778,1
DA:2779,0
DA:2782,1
DA:2783,1
DA:2784,0
DA:2786,1
DA:2787,0
DA:2790,1
DA:2791,0
DA:2795,1
DA:2797,0
DA:2801,0
DA:2805,0
DA:2807,0
DA:2808,0
DA:2809,0
DA:2810,0
DA:2812,0
DA:2815,0
DA:2819,0
DA:2821,0
DA:2822,0
DA:2825,0
DA:2829,0
DA:2831,0
DA:2832,0
DA:2835,0
DA:2839,1
DA:2841,1
DA:2842,1
DA:2844,1
DA:2847,1
DA:2848,1
DA:2850,1
DA:2851,0
DA:2852,0
DA:2853,0
DA:2854,0
DA:2855,0
DA:2856,0
DA:2859,1
DA:2860,0
DA:2861,0
DA:2864,1
DA:2865,0
DA:2866,0
DA:2869,1
DA:2870,1
DA:2889,1
DA:2891,1
DA:2892,1
DA:2893,1
DA:2894,1
DA:2896,1
DA:2897,1
DA:2898,0
DA:2901,1
DA:2902,0
DA:2905,1
DA:2906,0
DA:2910,1
DA:2911,0
DA:2912,0
DA:2913,0
DA:2914,0
DA:2915,0
DA:2917,0
DA:2920,0
DA:2923,1
DA:2924,0
DA:2926,0
DA:2927,0
DA:2930,0
DA:2932,0
DA:2933,0
DA:2936,0
DA:2937,0
DA:2940,0
DA:2942,0
DA:2943,0
DA:2944,0
DA:2947,0
DA:2949,0
DA:2953,0
DA:2956,1
DA:2957,1
DA:2958,0
DA:2959,0
DA:2961,0
DA:2962,0
DA:2966,0
DA:2970,0
DA:2971,0
DA:2974,0
DA:2977,0
DA:2980,1
DA:2981,0
DA:2982,0
DA:2984,0
DA:2985,0
DA:2988,0
DA:2989,0
DA:2990,0
DA:2993,0
DA:2998,1
DA:3000,0
DA:3001,0
DA:3002,0
DA:3004,0
DA:3008,0
DA:3016,0
DA:3018,0
DA:3019,0
DA:3020,0
DA:3021,0
DA:3022,0
DA:3023,0
DA:3026,0
DA:3030,0
DA:3034,0
DA:3038,0
DA:3042,0
DA:3046,0
DA:3054,0
DA:3055,0
DA:3058,0
DA:3059,0
DA:3060,0
DA:3061,0
DA:3062,0
DA:3064,0
DA:3068,0
DA:3069,0
DA:3071,0
DA:3072,0
DA:3075,0
DA:3076,0
DA:3077,0
DA:3078,0
DA:3079,0
DA:3081,0
DA:3085,0
DA:3086,0
DA:3089,0
DA:3090,0
DA:3091,0
DA:3092,0
DA:3093,0
DA:3095,0
DA:3099,0
DA:3100,0
DA:3102,0
DA:3103,0
DA:3106,0
DA:3107,0
DA:3108,0
DA:3109,0
DA:3110,0
DA:3112,0
DA:3116,0
DA:3117,0
DA:3118,0
DA:3119,0
DA:3120,0
DA:3122,0
DA:3126,0
DA:3127,0
DA:3128,0
DA:3129,0
DA:3130,0
DA:3132,0
DA:3136,0
DA:3137,0
DA:3140,0
DA:3141,0
DA:3142,0
DA:3143,0
DA:3144,0
DA:3146,0
DA:3150,0
DA:3151,0
DA:3152,0
DA:3153,0
DA:3154,0
DA:3156,0
DA:3160,0
DA:3161,0
DA:3164,0
DA:3165,0
DA:3166,0
DA:3167,0
DA:3168,0
DA:3170,0
DA:3177,0
DA:3178,0
DA:3179,0
DA:3181,0
DA:3185,0
DA:3186,0
DA:3189,0
DA:3191,0
DA:3195,0
DA:3197,0
DA:3201,1
DA:3202,9
DA:3203,0
DA:3204,0
DA:3205,0
DA:3210,1
DA:3212,22
DA:3213,9
DA:3217,1
DA:3218,1
DA:3221,1
DA:3222,1
DA:3224,1
DA:3225,0
DA:3226,0
DA:3227,0
DA:3230,1
DA:3231,0
DA:3232,0
DA:3235,1
DA:3236,0
DA:3237,0
DA:3240,1
DA:3241,1
DA:3261,1
DA:3263,1
DA:3264,1
DA:3265,0
DA:3266,0
DA:3269,0
DA:3272,0
DA:3273,0
DA:3274,0
DA:3276,0
DA:3277,0
DA:3278,0
DA:3279,0
DA:3280,0
DA:3285,0
DA:3286,0
DA:3287,0
DA:3289,0
DA:3292,0
DA:3293,0
DA:3296,0
DA:3297,0
DA:3298,0
DA:3299,0
DA:3303,0
DA:3306,0
DA:3311,1
DA:3312,0
DA:3315,1
DA:3316,0
DA:3321,1
DA:3322,0
DA:3323,0
DA:3327,1
DA:3329,1
DA:3331,0
DA:3332,0
DA:3335,0
DA:3336,0
DA:3337,0
DA:3338,0
DA:3340,0
DA:3341,0
DA:3342,0
DA:3343,0
DA:3345,0
DA:3346,0
DA:3348,0
DA:3352,0
DA:3354,0
DA:3355,0
DA:3357,0
DA:3358,0
DA:3359,0
DA:3361,0
DA:3362,0
DA:3363,0
DA:3369,0
DA:3370,0
DA:3373,0
DA:3377,0
DA:3381,0
DA:3385,0
DA:3389,1
DA:3390,24
DA:3391,0
DA:3392,0
DA:3393,0
DA:3397,1
DA:3398,31
DA:3403,24
DA:3407,1
DA:3408,1
DA:3410,1
DA:3413,1
DA:3414,1
DA:3416,1
DA:3417,0
DA:3418,0
DA:3419,0
DA:3420,0
DA:3421,0
DA:3424,1
DA:3425,0
DA:3426,0
DA:3429,1
DA:3430,0
DA:3431,0
DA:3434,1
DA:3435,1
DA:3459,1
DA:3461,1
DA:3462,1
DA:3463,1
DA:3465,1
DA:3470,0
DA:3471,0
DA:3474,0
DA:3477,1
DA:3478,0
DA:3479,0
DA:3482,0
DA:3483,0
DA:3487,1
DA:3488,0
DA:3489,0
DA:3492,0
DA:3493,0
DA:3494,0
DA:3497,0
DA:3500,1
DA:3502,0
DA:3503,0
DA:3506,0
DA:3507,0
DA:3508,0
DA:3510,0
DA:3514,0
DA:3515,0
DA:3518,0
DA:3519,0
DA:3520,0
DA:3523,0
DA:3524,0
DA:3525,0
DA:3527,0
DA:3528,0
DA:3531,0
DA:3534,0
DA:3535,0
DA:3537,0
DA:3541,0
DA:3543,0
DA:3544,0
DA:3545,0
DA:3551,0
DA:3552,0
DA:3553,0
DA:3555,0
DA:3556,0
DA:3557,0
DA:3558,0
DA:3560,0
DA:3565,0
DA:3567,0
DA:3568,0
DA:3569,0
DA:3570,0
DA:3573,0
DA:3577,0
DA:3578,0
DA:3579,0
DA:3580,0
DA:3582,0
DA:3583,0
DA:3584,0
DA:3585,0
DA:3589,0
DA:3590,0
DA:3592,0
DA:3596,0
DA:3597,0
DA:3599,0
DA:3600,0
DA:3601,0
DA:3603,0
DA:3607,0
DA:3608,0
DA:3611,0
DA:3612,0
DA:3615,0
DA:3620,0
DA:3624,1
DA:3625,1
DA:3627,1
DA:3628,0
DA:3629,0
DA:3632,0
DA:3635,1
DA:3636,0
DA:3637,0
DA:3639,0
DA:3640,0
DA:3642,0
DA:3643,0
DA:3646,0
DA:3649,0
DA:3650,0
DA:3653,0
DA:3656,1
DA:3657,0
DA:3658,0
DA:3661,1
DA:3662,0
DA:3663,0
DA:3666,0
DA:3669,1
DA:3670,0
DA:3672,0
DA:3675,1
DA:3680,0
DA:3681,0
DA:3682,0
DA:3684,0
DA:3688,0
DA:3690,0
DA:3694,0
DA:3695,0
DA:3698,0
DA:3699,0
DA:3700,0
DA:3703,0
DA:3705,0
DA:3709,0
DA:3710,0
DA:3713,0
DA:3714,0
DA:3715,0
DA:3718,0
DA:3720,0
DA:3724,0
DA:3728,0
DA:3732,0
DA:3736,0
DA:3740,0
DA:3741,0
DA:3744,0
DA:3745,0
DA:3749,0
DA:3753,0
DA:3754,0
DA:3755,0
DA:3758,0
DA:3759,0
DA:3763,0
DA:3764,0
DA:3767,0
DA:3768,0
DA:3772,0
DA:3773,0
DA:3777,0
DA:3779,0
DA:3783,0
DA:3785,0
DA:3786,0
DA:3790,0
DA:3791,0
DA:3798,0
DA:3799,0
DA:3802,0
DA:3803,0
DA:3806,0
DA:3807,0
DA:3810,0
DA:3812,0
DA:3813,0
DA:3816,0
DA:3818,0
DA:3821,0
DA:3822,0
DA:3823,0
DA:3826,0
DA:3827,0
DA:3831,0
DA:3835,0
DA:3836,0
DA:3840,0
DA:3841,0
DA:3842,0
DA:3846,0
DA:3847,0
DA:3851,0
DA:3853,0
DA:3854,0
DA:3857,0
DA:3862,0
DA:3865,0
DA:3866,0
DA:3869,0
DA:3874,0
DA:3875,0
DA:3877,0
DA:3880,0
DA:3884,0
DA:3888,0
DA:3889,0
DA:3891,0
DA:3895,1
DA:3896,1
DA:3899,1
DA:3900,1
DA:3902,1
DA:3903,0
DA:3904,0
DA:3905,0
DA:3906,0
DA:3907,0
DA:3908,0
DA:3909,0
DA:3910,0
DA:3912,0
DA:3915,1
DA:3916,0
DA:3917,0
DA:3920,1
DA:3921,0
DA:3922,0
DA:3925,1
DA:3926,1
DA:3946,1
DA:3948,1
DA:3949,1
DA:3951,1
DA:3952,0
DA:3953,0
DA:3956,0
DA:3959,1
DA:3960,0
DA:3962,0
DA:3963,0
DA:3964,0
DA:3969,1
DA:3970,0
DA:3971,0
DA:3972,0
DA:3973,0
DA:3977,1
DA:3978,1
DA:3980,0
DA:3984,0
DA:3985,0
DA:3989,0
DA:3993,0
DA:3995,0
DA:3996,0
DA:3998,0
DA:4001,0
DA:4003,0
DA:4004,0
DA:4009,0
DA:4010,0
DA:4014,0
DA:4018,0
DA:4019,0
DA:4021,0
DA:4022,0
DA:4023,0
DA:4026,0
DA:4028,0
DA:4030,0
DA:4035,0
DA:4036,0
DA:4038,0
DA:4039,0
DA:4040,0
DA:4044,0
DA:4047,0
DA:4051,0
DA:4055,0
DA:4057,0
DA:4058,0
DA:4061,0
DA:4062,0
DA:4065,0
DA:4066,0
DA:4069,0
DA:4073,1
DA:4074,1
DA:4077,1
DA:4078,1
DA:4080,1
DA:4081,0
DA:4082,0
DA:4083,0
DA:4084,0
DA:4085,0
DA:4088,1
DA:4089,0
DA:4090,0
DA:4093,1
DA:4094,0
DA:4095,0
DA:4098,1
DA:4099,1
DA:4122,1
DA:4124,1
DA:4126,1
DA:4128,1
DA:4129,0
DA:4130,0
DA:4132,0
DA:4133,0
DA:4135,0
DA:4138,0
DA:4139,0
DA:4140,0
DA:4143,1
DA:4145,0
DA:4149,1
DA:4160,1
DA:4161,1
DA:4163,1
DA:4164,0
DA:4165,0
DA:4166,0
DA:4169,1
DA:4170,0
DA:4171,1
DA:4172,0
DA:4174,1
DA:4190,1
DA:4191,0
DA:4194,1
DA:4196,1
DA:4198,1
DA:4199,1
DA:4200,2
DA:4203,1
DA:4205,2
DA:4206,2
DA:4207,2
DA:4208,2
DA:4214,0
DA:4218,1
DA:4219,0
DA:4220,0
DA:4221,0
DA:4222,0
DA:4225,1
DA:4227,1
DA:4229,1
DA:4230,0
DA:4231,0
DA:4234,1
DA:4236,1
DA:4238,1
DA:4240,0
DA:4241,0
DA:4242,0
DA:4246,0
DA:4248,0
DA:4249,0
DA:4250,0
DA:4256,0
DA:4257,0
DA:4259,0
DA:4260,0
DA:4261,0
DA:4263,0
DA:4267,0
DA:4272,1
DA:4273,1
DA:4275,1
DA:4276,0
DA:4277,0
DA:4280,1
DA:4281,0
DA:4282,1
DA:4283,0
DA:4285,1
DA:4300,1
DA:4305,1
DA:4307,1
DA:4309,1
DA:4311,1
DA:4312,0
DA:4314,0
DA:4316,0
DA:4317,0
DA:4320,0
DA:4321,0
DA:4322,0
DA:4327,1
DA:4328,0
DA:4331,1
DA:4332,1
DA:4333,1
DA:4335,1
DA:4338,1
DA:4339,0
DA:4340,0
DA:4343,1
DA:4344,1
DA:4346,1
DA:4347,0
DA:4348,0
DA:4351,1
DA:4352,0
DA:4353,0
DA:4356,1
DA:4357,1
DA:4372,1
DA:4373,0
DA:4377,1
DA:4379,1
DA:4380,1
DA:4381,1
DA:4382,1
DA:4384,1
DA:4385,1
DA:4387,1
DA:4388,0
DA:4389,0
DA:4390,0
DA:4391,0
DA:4392,0
DA:4394,0
DA:4395,0
DA:4399,1
DA:4400,0
DA:4401,0
DA:4404,0
DA:4405,0
DA:4409,1
DA:4410,0
DA:4411,0
DA:4413,0
DA:4414,0
DA:4418,1
DA:4419,0
DA:4420,0
DA:4422,0
DA:4423,0
DA:4427,1
DA:4429,0
DA:4430,0
DA:4432,0
DA:4433,0
DA:4435,0
DA:4439,0
DA:4440,0
DA:4441,0
DA:4443,0
DA:4445,0
DA:4447,0
DA:4449,0
DA:4451,0
DA:4453,0
DA:4454,0
DA:4455,0
DA:4456,0
DA:4458,0
DA:4460,0
DA:4464,0
DA:4465,0
DA:4466,0
DA:4467,0
DA:4469,0
DA:4476,0
DA:4478,0
DA:4479,0
DA:4481,0
DA:4483,0
DA:4484,0
DA:4485,0
DA:4487,0
DA:4488,0
DA:4493,0
DA:4494,0
DA:4495,0
DA:4497,0
DA:4498,0
DA:4499,0
DA:4504,0
DA:4505,0
DA:4507,0
DA:4508,0
DA:4509,0
DA:4511,0
DA:4512,0
DA:4513,0
DA:4514,0
DA:4517,0
DA:4524,0
DA:4525,0
DA:4529,0
DA:4530,0
DA:4532,0
DA:4533,0
DA:4537,1
DA:4544,1
DA:4545,0
DA:4546,0
DA:4547,0
DA:4550,0
DA:4552,0
DA:4553,0
DA:4556,0
DA:4557,0
DA:4559,0
DA:4562,1
DA:4565,1
DA:4566,1
DA:4568,1
DA:4569,0
DA:4570,0
DA:4571,0
DA:4572,0
DA:4573,0
DA:4574,0
DA:4577,1
DA:4578,0
DA:4579,1
DA:4580,0
DA:4582,1
DA:4600,1
DA:4602,1
DA:4603,1
DA:4604,1
DA:4605,1
DA:4608,0
DA:4609,0
DA:4610,0
DA:4611,0
DA:4615,0
DA:4618,1
DA:4619,1
DA:4620,1
DA:4621,1
DA:4622,1
DA:4623,1
DA:4624,1
DA:4625,1
DA:4626,1
DA:4627,1
DA:4629,1
DA:4654,1
DA:4655,0
DA:4663,1
DA:4664,0
DA:4667,1
DA:4668,0
DA:4670,0
DA:4671,0
DA:4672,0
DA:4677,1
DA:4678,0
DA:4680,0
DA:4681,0
DA:4689,1
DA:4690,0
DA:4691,0
DA:4692,0
DA:4693,0
DA:4694,0
DA:4695,0
DA:4696,0
DA:4697,0
DA:4698,0
DA:4699,0
DA:4702,0
DA:4703,0
DA:4705,1
DA:4706,0
DA:4707,0
DA:4709,0
DA:4710,0
DA:4715,0
DA:4716,0
DA:4719,0
DA:4720,0
DA:4724,1
DA:4725,0
DA:4726,0
DA:4729,0
DA:4730,0
DA:4734,1
DA:4735,0
DA:4737,0
DA:4738,0
DA:4739,0
DA:4743,0
DA:4748,1
DA:4749,0
DA:4750,0
DA:4753,0
DA:4754,0
DA:4757,1
DA:4758,0
DA:4759,0
DA:4760,0
DA:4763,0
DA:4766,1
DA:4767,0
DA:4768,0
DA:4769,0
DA:4770,0
DA:4771,0
DA:4772,0
DA:4773,0
DA:4777,1
DA:4778,1
DA:4779,0
DA:4781,1
DA:4782,1
DA:4783,0
DA:4785,0
DA:4796,0
DA:4797,0
DA:4801,0
DA:4802,0
DA:4803,0
DA:4804,0
DA:4806,0
DA:4807,0
DA:4813,0
DA:4814,0
DA:4815,0
DA:4816,0
DA:4818,0
DA:4819,0
DA:4821,0
DA:4822,0
DA:4824,0
DA:4825,0
DA:4829,0
DA:4830,0
DA:4831,0
DA:4834,0
DA:4835,0
DA:4840,0
DA:4842,0
DA:4844,0
DA:4846,1
DA:4848,1
DA:4849,0
DA:4850,0
DA:4854,1
DA:4855,0
DA:4856,0
DA:4860,1
DA:4861,0
DA:4862,0
DA:4866,1
DA:4867,0
DA:4868,0
DA:4870,0
DA:4871,0
DA:4875,1
DA:4876,0
DA:4878,0
DA:4879,0
DA:4880,0
DA:4882,0
DA:4883,0
DA:4884,0
DA:4887,0
DA:4890,1
DA:4935,1
DA:4936,1
DA:4938,1
DA:4942,0
DA:4943,0
DA:4944,0
DA:4945,0
DA:4946,0
DA:4947,0
DA:4948,0
DA:4949,0
DA:4950,0
DA:4951,0
DA:4953,0
DA:4954,0
DA:4955,0
DA:4956,0
DA:4958,0
DA:4959,0
DA:4962,0
DA:4966,0
DA:4968,0
DA:4970,0
DA:4971,0
DA:4972,0
DA:4974,0
DA:4978,0
DA:4980,0
DA:4981,0
DA:4982,0
DA:4984,0
DA:4985,0
DA:4986,0
DA:4987,0
DA:4990,0
DA:4994,0
DA:4996,0
DA:4997,0
DA:5000,0
DA:5001,0
DA:5003,0
DA:5009,0
DA:5010,0
DA:5012,0
DA:5013,0
DA:5014,0
DA:5018,0
DA:5019,0
DA:5021,0
DA:5027,0
DA:5029,0
DA:5030,0
DA:5031,0
DA:5032,0
DA:5033,0
DA:5034,0
DA:5035,0
DA:5038,0
DA:5041,0
DA:5042,0
DA:5043,0
DA:5044,0
DA:5046,0
DA:5047,0
DA:5050,0
DA:5054,0
DA:5055,0
DA:5056,0
DA:5057,0
DA:5058,0
DA:5059,0
DA:5061,0
DA:5062,0
DA:5063,0
DA:5066,0
DA:5068,0
DA:5070,0
DA:5072,0
DA:5073,0
DA:5078,0
DA:5079,0
DA:5082,0
DA:5083,0
DA:5086,0
DA:5088,0
DA:5092,0
DA:5093,0
DA:5096,0
DA:5098,0
DA:5099,0
DA:5101,0
DA:5105,0
DA:5109,0
DA:5110,0
DA:5111,0
DA:5113,0
DA:5114,0
DA:5115,0
DA:5117,0
DA:5118,0
DA:5119,0
DA:5122,0
DA:5123,0
DA:5126,0
DA:5128,0
DA:5130,0
DA:5131,0
DA:5137,0
DA:5138,0
DA:5142,0
DA:5143,0
DA:5144,0
DA:5145,0
DA:5149,0
DA:5150,0
DA:5155,0
DA:5156,0
DA:5161,0
DA:5162,0
DA:5167,1
DA:5175,1
DA:5176,0
DA:5177,0
DA:5178,0
DA:5181,0
DA:5182,0
DA:5185,0
DA:5187,0
DA:5188,0
DA:5191,0
DA:5192,0
DA:5195,0
DA:5196,0
DA:5197,0
DA:5199,0
DA:5202,0
DA:5206,0
DA:5209,1
DA:5212,1
DA:5213,1
DA:5215,1
DA:5216,0
DA:5217,0
DA:5218,0
DA:5219,0
DA:5220,0
DA:5221,0
DA:5224,1
DA:5225,0
DA:5226,0
DA:5229,1
DA:5230,0
DA:5231,0
DA:5234,1
DA:5235,1
DA:5259,1
DA:5261,1
DA:5263,1
DA:5264,0
DA:5266,0
DA:5267,0
DA:5270,0
DA:5271,0
DA:5275,0
DA:5278,1
DA:5279,1
DA:5281,1
DA:5282,0
DA:5283,0
DA:5284,0
DA:5285,0
DA:5287,0
DA:5290,1
DA:5291,0
DA:5293,0
DA:5294,0
DA:5297,0
DA:5298,0
DA:5299,0
DA:5300,0
DA:5301,0
DA:5304,0
DA:5307,0
DA:5310,1
DA:5311,1
DA:5313,0
DA:5314,0
DA:5315,0
DA:5316,0
DA:5318,0
DA:5320,0
DA:5322,0
DA:5323,0
DA:5326,0
DA:5329,0
DA:5335,0
DA:5337,0
DA:5338,0
DA:5339,0
DA:5340,0
DA:5345,0
DA:5346,0
DA:5348,0
DA:5349,0
DA:5351,0
DA:5352,0
DA:5353,0
DA:5354,0
DA:5355,0
DA:5356,0
DA:5359,0
DA:5365,0
DA:5366,0
DA:5367,0
DA:5370,0
DA:5374,0
DA:5375,0
DA:5376,0
DA:5379,0
DA:5381,0
DA:5386,0
DA:5388,0
DA:5389,0
DA:5391,0
DA:5395,0
DA:5396,0
DA:5397,0
DA:5400,0
DA:5401,0
DA:5404,0
DA:5405,0
DA:5406,0
DA:5409,0
DA:5410,0
DA:5411,0
DA:5412,0
DA:5415,0
DA:5423,0
DA:5424,0
DA:5427,0
DA:5428,0
DA:5430,0
DA:5431,0
DA:5436,0
DA:5437,0
DA:5438,0
DA:5441,0
DA:5443,0
DA:5444,0
DA:5445,0
DA:5446,0
DA:5447,0
DA:5452,0
DA:5453,0
DA:5455,0
DA:5458,0
DA:5463,0
DA:5468,1
DA:5469,1
DA:5471,1
DA:5472,0
DA:5473,0
DA:5474,0
DA:5475,0
DA:5476,0
DA:5477,0
DA:5480,1
DA:5481,0
DA:5482,1
DA:5483,0
DA:5485,1
DA:5507,1
DA:5509,1
DA:5510,1
DA:5511,1
DA:5513,1
DA:5515,1
DA:5516,0
DA:5517,0
DA:5518,0
DA:5520,0
DA:5521,0
DA:5524,0
DA:5525,0
DA:5526,0
DA:5527,0
DA:5529,0
DA:5530,0
DA:5532,0
DA:5535,0
DA:5536,0
DA:5538,0
DA:5543,0
DA:5546,1
DA:5547,0
DA:5549,0
DA:5550,0
DA:5551,0
DA:5553,0
DA:5554,0
DA:5555,0
DA:5559,0
DA:5562,1
DA:5563,0
DA:5564,0
DA:5567,0
DA:5571,1
DA:5572,1
DA:5574,1
DA:5575,0
DA:5576,0
DA:5577,0
DA:5578,0
DA:5581,1
DA:5582,0
DA:5583,1
DA:5584,0
DA:5586,1
DA:5606,1
DA:5608,1
DA:5609,1
DA:5611,1
DA:5612,0
DA:5613,0
DA:5616,0
DA:5617,0
DA:5618,0
DA:5620,0
DA:5624,1
DA:5625,0
DA:5627,0
DA:5628,0
DA:5629,0
DA:5632,0
DA:5635,0
DA:5636,0
DA:5637,0
DA:5639,0
DA:5643,0
DA:5646,1
DA:5648,0
DA:5650,0
DA:5656,0
DA:5658,0
DA:5659,0
DA:5662,0
DA:5663,0
DA:5667,0
DA:5669,0
DA:5670,0
DA:5673,0
DA:5674,0
DA:5675,0
DA:5678,0
DA:5680,0
DA:5684,0
DA:5685,0
DA:5689,0
DA:5690,0
DA:5691,0
DA:5693,0
DA:5698,0
DA:5699,0
DA:5702,0
DA:5703,0
DA:5704,0
DA:5705,0
DA:5706,0
DA:5708,0
DA:5710,0
DA:5711,0
DA:5712,0
DA:5713,0
DA:5714,0
DA:5717,0
DA:5720,0
DA:5726,1
DA:5728,1
DA:5731,1
DA:5732,1
DA:5734,1
DA:5735,0
DA:5736,0
DA:5737,0
DA:5738,0
DA:5739,0
DA:5740,0
DA:5743,1
DA:5744,0
DA:5745,0
DA:5748,1
DA:5749,0
DA:5750,0
DA:5753,1
DA:5754,1
DA:5772,1
DA:5774,1
DA:5775,1
DA:5777,1
DA:5778,0
DA:5780,0
DA:5781,0
DA:5784,1
DA:5785,0
DA:5786,0
DA:5787,0
DA:5788,0
DA:5789,0
DA:5790,0
DA:5792,0
DA:5793,0
DA:5794,0
DA:5795,0
DA:5796,0
DA:5798,0
DA:5800,0
DA:5804,0
DA:5805,0
DA:5807,0
DA:5810,0
DA:5811,0
DA:5812,0
DA:5813,0
DA:5815,0
DA:5819,0
DA:5822,0
DA:5823,0
DA:5824,0
DA:5828,0
DA:5831,1
DA:5839,1
DA:5840,1
DA:5843,1
DA:5844,1
DA:5846,1
DA:5847,0
DA:5848,0
DA:5849,0
DA:5852,1
DA:5853,0
DA:5854,1
DA:5855,0
DA:5856,1
DA:5857,1
DA:5873,1
DA:5875,1
DA:5876,0
DA:5877,0
DA:5878,0
DA:5881,0
DA:5883,0
DA:5884,0
DA:5886,0
DA:5889,0
DA:5890,0
DA:5893,0
DA:5894,0
DA:5897,0
DA:5901,1
DA:5902,1
DA:5903,0
DA:5904,0
DA:5907,0
DA:5908,0
DA:5909,0
DA:5910,0
DA:5911,0
DA:5912,0
DA:5916,0
DA:5917,0
DA:5918,0
DA:5920,0
DA:5921,0
DA:5923,0
DA:5924,0
DA:5927,0
DA:5929,0
DA:5934,0
DA:5937,1
DA:5938,1
DA:5941,1
DA:5942,1
DA:5944,1
DA:5945,0
DA:5946,0
DA:5947,0
DA:5950,1
DA:5951,0
DA:5952,0
DA:5955,1
DA:5956,0
DA:5957,0
DA:5960,1
DA:5961,1
DA:5981,1
DA:5983,1
DA:5985,1
DA:5986,1
DA:5988,1
DA:5989,0
DA:5991,0
DA:5992,0
DA:5994,0
DA:5995,0
DA:5998,0
DA:5999,0
DA:6001,0
DA:6002,0
DA:6005,0
DA:6006,0
DA:6013,1
DA:6014,0
DA:6015,0
DA:6016,0
DA:6019,1
DA:6020,19
DA:6021,18
DA:6022,18
DA:6025,19
DA:6026,0
DA:6028,0
DA:6029,0
DA:6031,0
DA:6032,0
DA:6034,0
DA:6038,0
DA:6039,0
DA:6041,0
DA:6046,1
DA:6047,0
DA:6051,1
DA:6055,0
DA:6056,0
DA:6058,0
DA:6064,0
DA:6065,0
DA:6066,0
DA:6068,0
DA:6069,0
DA:6070,0
DA:6071,0
DA:6072,0
DA:6073,0
DA:6074,0
DA:6075,0
DA:6078,0
DA:6083,0
DA:6086,0
DA:6091,0
DA:6093,0
DA:6094,0
DA:6096,0
DA:6098,0
DA:6103,0
DA:6104,0
DA:6107,0
DA:6108,0
DA:6109,0
DA:6111,0
DA:6112,0
DA:6113,0
DA:6117,0
DA:6121,0
DA:6122,0
DA:6123,0
DA:6125,0
DA:6131,0
DA:6136,1
DA:6137,1
DA:6138,0
DA:6140,1
DA:6141,1
DA:6142,1
DA:6143,1
DA:6144,1
DA:6148,1
DA:6149,1
DA:6150,1
DA:6151,1
DA:6152,1
DA:6153,1
DA:6154,1
DA:6155,1
DA:6156,1
DA:6157,1
DA:6158,1
DA:6159,1
DA:6161,1
DA:6162,1
DA:6165,1
DA:6166,1
DA:6168,1
DA:6169,0
DA:6170,0
DA:6171,0
DA:6172,0
DA:6175,1
DA:6176,0
DA:6177,0
DA:6180,1
DA:6181,0
DA:6182,0
DA:6185,1
DA:6186,1
DA:6193,1
LF:2897
LH:682
BRDA:38,1,0,0
BRDA:38,1,1,1
BRDA:38,2,0,1
BRDA:38,2,1,0
BRDA:42,3,0,0
BRDA:42,3,1,1
BRDA:52,4,0,1
BRDA:52,4,1,2
BRDA:54,5,0,1
BRDA:54,5,1,1
BRDA:54,6,0,2
BRDA:54,6,1,1
BRDA:56,7,0,1
BRDA:56,7,1,0
BRDA:61,8,0,1
BRDA:61,8,1,1
BRDA:61,8,2,1
BRDA:61,8,3,0
BRDA:61,8,4,0
BRDA:61,8,5,0
BRDA:67,9,0,1
BRDA:67,9,1,1
BRDA:74,10,0,0
BRDA:74,10,1,0
BRDA:92,11,0,0
BRDA:92,11,1,0
BRDA:93,12,0,0
BRDA:93,12,1,0
BRDA:93,13,0,0
BRDA:93,13,1,0
BRDA:93,13,2,0
BRDA:97,14,0,0
BRDA:97,14,1,0
BRDA:117,15,0,0
BRDA:117,15,1,0
BRDA:117,16,0,0
BRDA:117,16,1,0
BRDA:117,16,2,0
BRDA:136,17,0,0
BRDA:136,17,1,0
BRDA:151,18,0,0
BRDA:151,18,1,0
BRDA:162,19,0,0
BRDA:162,19,1,0
BRDA:177,20,0,0
BRDA:177,20,1,0
BRDA:177,21,0,0
BRDA:177,21,1,0
BRDA:177,21,2,0
BRDA:178,22,0,0
BRDA:178,22,1,0
BRDA:220,23,0,0
BRDA:220,23,1,0
BRDA:220,24,0,0
BRDA:220,24,1,0
BRDA:220,24,2,0
BRDA:220,24,3,0
BRDA:220,24,4,0
BRDA:220,24,5,0
BRDA:220,24,6,0
BRDA:242,25,0,0
BRDA:242,25,1,0
BRDA:256,26,0,0
BRDA:256,26,1,0
BRDA:256,27,0,0
BRDA:256,27,1,0
BRDA:256,27,2,0
BRDA:256,27,3,0
BRDA:256,27,4,0
BRDA:256,27,5,0
BRDA:256,27,6,0
BRDA:265,28,0,0
BRDA:265,28,1,0
BRDA:265,29,0,0
BRDA:265,29,1,0
BRDA:268,30,0,0
BRDA:268,30,1,0
BRDA:268,31,0,0
BRDA:268,31,1,0
BRDA:269,32,0,0
BRDA:269,32,1,0
BRDA:269,33,0,0
BRDA:269,33,1,0
BRDA:269,33,2,0
BRDA:274,34,0,0
BRDA:274,34,1,0
BRDA:274,35,0,0
BRDA:274,35,1,0
BRDA:275,36,0,0
BRDA:275,36,1,0
BRDA:283,37,0,0
BRDA:283,37,1,0
BRDA:283,38,0,0
BRDA:283,38,1,0
BRDA:284,39,0,0
BRDA:284,39,1,0
BRDA:286,40,0,0
BRDA:286,40,1,0
BRDA:286,41,0,0
BRDA:286,41,1,0
BRDA:286,41,2,0
BRDA:301,42,0,0
BRDA:301,42,1,0
BRDA:316,43,0,0
BRDA:316,43,1,0
BRDA:317,44,0,0
BRDA:317,44,1,0
BRDA:323,45,0,0
BRDA:323,45,1,0
BRDA:326,46,0,0
BRDA:326,46,1,0
BRDA:331,47,0,0
BRDA:331,47,1,0
BRDA:336,48,0,0
BRDA:336,48,1,0
BRDA:336,49,0,0
BRDA:336,49,1,0
BRDA:340,50,0,0
BRDA:340,50,1,0
BRDA:340,51,0,0
BRDA:340,51,1,0
BRDA:346,52,0,0
BRDA:346,52,1,0
BRDA:346,53,0,0
BRDA:346,53,1,0
BRDA:354,54,0,0
BRDA:354,54,1,0
BRDA:367,55,0,0
BRDA:367,55,1,0
BRDA:370,56,0,0
BRDA:370,56,1,0
BRDA:372,57,0,0
BRDA:372,57,1,0
BRDA:388,58,0,0
BRDA:388,58,1,0
BRDA:388,59,0,0
BRDA:388,59,1,0
BRDA:392,60,0,0
BRDA:392,60,1,0
BRDA:396,61,0,0
BRDA:396,61,1,0
BRDA:398,62,0,0
BRDA:398,62,1,0
BRDA:399,63,0,0
BRDA:399,63,1,0
BRDA:403,64,0,0
BRDA:403,64,1,0
BRDA:407,65,0,0
BRDA:407,65,1,0
BRDA:411,66,0,0
BRDA:411,66,1,0
BRDA:415,67,0,0
BRDA:415,67,1,0
BRDA:419,68,0,0
BRDA:419,68,1,0
BRDA:419,69,0,0
BRDA:419,69,1,0
BRDA:423,70,0,0
BRDA:423,70,1,0
BRDA:423,71,0,0
BRDA:423,71,1,0
BRDA:424,72,0,0
BRDA:424,72,1,0
BRDA:430,73,0,0
BRDA:430,73,1,0
BRDA:430,74,0,0
BRDA:430,74,1,0
BRDA:434,75,0,0
BRDA:434,75,1,0
BRDA:434,76,0,0
BRDA:434,76,1,0
BRDA:435,77,0,0
BRDA:435,77,1,0
BRDA:438,78,0,0
BRDA:438,78,1,0
BRDA:438,79,0,0
BRDA:438,79,1,0
BRDA:460,80,0,1
BRDA:460,80,1,1
BRDA:460,80,2,1
BRDA:460,80,3,0
BRDA:460,80,4,0
BRDA:460,80,5,0
BRDA:476,81,0,0
BRDA:476,81,1,1
BRDA:479,82,0,1
BRDA:479,82,1,0
BRDA:485,83,0,1
BRDA:485,83,1,0
BRDA:490,84,0,0
BRDA:490,84,1,0
BRDA:491,85,0,0
BRDA:491,85,1,0
BRDA:492,86,0,0
BRDA:492,86,1,0
BRDA:494,87,0,0
BRDA:494,87,1,0
BRDA:494,87,2,0
BRDA:498,88,0,0
BRDA:498,88,1,0
BRDA:499,89,0,0
BRDA:499,89,1,0
BRDA:499,89,2,0
BRDA:504,90,0,0
BRDA:504,90,1,0
BRDA:504,91,0,0
BRDA:504,91,1,0
BRDA:506,92,0,0
BRDA:506,92,1,0
BRDA:506,93,0,0
BRDA:506,93,1,0
BRDA:515,94,0,0
BRDA:515,94,1,0
BRDA:518,95,0,0
BRDA:518,95,1,0
BRDA:524,96,0,0
BRDA:524,96,1,0
BRDA:526,97,0,0
BRDA:526,97,1,0
BRDA:527,98,0,0
BRDA:527,98,1,0
BRDA:527,99,0,0
BRDA:527,99,1,0
BRDA:530,100,0,0
BRDA:530,100,1,0
BRDA:530,101,0,0
BRDA:530,101,1,0
BRDA:534,102,0,0
BRDA:534,102,1,0
BRDA:536,103,0,0
BRDA:536,103,1,0
BRDA:538,104,0,0
BRDA:538,104,1,0
BRDA:542,105,0,0
BRDA:542,105,1,0
BRDA:542,106,0,0
BRDA:542,106,1,0
BRDA:543,107,0,0
BRDA:543,107,1,0
BRDA:545,108,0,0
BRDA:545,108,1,0
BRDA:545,109,0,0
BRDA:545,109,1,0
BRDA:552,110,0,0
BRDA:552,110,1,0
BRDA:565,111,0,0
BRDA:565,111,1,0
BRDA:569,112,0,0
BRDA:569,112,1,0
BRDA:576,113,0,0
BRDA:576,113,1,0
BRDA:583,114,0,0
BRDA:583,114,1,0
BRDA:585,115,0,0
BRDA:585,115,1,0
BRDA:589,116,0,0
BRDA:589,116,1,0
BRDA:596,117,0,0
BRDA:596,117,1,0
BRDA:602,118,0,0
BRDA:602,118,1,0
BRDA:608,119,0,0
BRDA:608,119,1,0
BRDA:612,120,0,0
BRDA:612,120,1,0
BRDA:615,121,0,0
BRDA:615,121,1,0
BRDA:630,122,0,0
BRDA:630,122,1,0
BRDA:630,123,0,0
BRDA:630,123,1,0
BRDA:631,124,0,0
BRDA:631,124,1,0
BRDA:635,125,0,0
BRDA:635,125,1,0
BRDA:638,126,0,0
BRDA:638,126,1,0
BRDA:672,127,0,0
BRDA:672,127,1,1
BRDA:672,128,0,1
BRDA:672,128,1,0
BRDA:672,129,0,1
BRDA:672,129,1,0
BRDA:672,130,0,1
BRDA:672,130,1,1
BRDA:672,131,0,0
BRDA:672,131,1,0
BRDA:672,132,0,0
BRDA:672,132,1,0
BRDA:672,133,0,0
BRDA:672,133,1,0
BRDA:672,134,0,1
BRDA:672,134,1,1
BRDA:672,135,0,0
BRDA:672,135,1,1
BRDA:672,136,0,0
BRDA:672,136,1,0
BRDA:672,137,0,0
BRDA:672,137,1,0
BRDA:672,138,0,0
BRDA:672,138,1,0
BRDA:672,139,0,0
BRDA:672,139,1,0
BRDA:672,140,0,0
BRDA:672,140,1,0
BRDA:672,141,0,1
BRDA:672,141,1,0
BRDA:715,142,0,0
BRDA:715,142,1,0
BRDA:723,143,0,0
BRDA:723,143,1,0
BRDA:723,144,0,0
BRDA:723,144,1,0
BRDA:730,145,0,0
BRDA:730,145,1,0
BRDA:744,146,0,0
BRDA:744,146,1,0
BRDA:745,147,0,0
BRDA:745,147,1,0
BRDA:746,148,0,0
BRDA:746,148,1,0
BRDA:751,149,0,0
BRDA:751,149,1,0
BRDA:751,149,2,0
BRDA:757,150,0,0
BRDA:757,150,1,0
BRDA:763,151,0,0
BRDA:763,151,1,0
BRDA:772,152,0,0
BRDA:772,152,1,0
BRDA:797,153,0,0
BRDA:797,153,1,0
BRDA:797,153,2,0
BRDA:797,153,3,0
BRDA:797,153,4,0
BRDA:797,153,5,0
BRDA:797,153,6,0
BRDA:797,153,7,0
BRDA:821,154,0,0
BRDA:821,154,1,0
BRDA:825,155,0,0
BRDA:825,155,1,0
BRDA:831,156,0,0
BRDA:831,156,1,0
BRDA:831,157,0,0
BRDA:831,157,1,0
BRDA:835,158,0,0
BRDA:835,158,1,0
BRDA:849,159,0,0
BRDA:849,159,1,0
BRDA:852,160,0,0
BRDA:852,160,1,0
BRDA:857,161,0,0
BRDA:857,161,1,0
BRDA:857,162,0,0
BRDA:857,162,1,0
BRDA:860,163,0,0
BRDA:860,163,1,0
BRDA:860,164,0,0
BRDA:860,164,1,0
BRDA:865,165,0,0
BRDA:865,165,1,0
BRDA:868,166,0,0
BRDA:868,166,1,0
BRDA:873,167,0,0
BRDA:873,167,1,0
BRDA:876,168,0,0
BRDA:876,168,1,0
BRDA:890,169,0,0
BRDA:890,169,1,0
BRDA:893,170,0,0
BRDA:893,170,1,0
BRDA:893,171,0,0
BRDA:893,171,1,0
BRDA:893,171,2,0
BRDA:905,172,0,0
BRDA:905,172,1,0
BRDA:912,173,0,0
BRDA:912,173,1,0
BRDA:921,174,0,0
BRDA:921,174,1,0
BRDA:922,175,0,0
BRDA:922,175,1,0
BRDA:928,176,0,0
BRDA:928,176,1,0
BRDA:941,177,0,0
BRDA:941,177,1,0
BRDA:960,178,0,0
BRDA:960,178,1,0
BRDA:969,179,0,0
BRDA:969,179,1,0
BRDA:988,180,0,1
BRDA:988,180,1,0
BRDA:993,181,0,0
BRDA:993,181,1,0
BRDA:1021,182,0,0
BRDA:1021,182,1,0
BRDA:1027,183,0,0
BRDA:1027,183,1,0
BRDA:1033,184,0,0
BRDA:1033,184,1,0
BRDA:1037,185,0,0
BRDA:1037,185,1,0
BRDA:1068,186,0,0
BRDA:1068,186,1,0
BRDA:1075,187,0,0
BRDA:1075,187,1,0
BRDA:1076,188,0,0
BRDA:1076,188,1,0
BRDA:1081,189,0,0
BRDA:1081,189,1,0
BRDA:1092,190,0,0
BRDA:1092,190,1,0
BRDA:1108,191,0,0
BRDA:1108,191,1,0
BRDA:1110,192,0,0
BRDA:1110,192,1,0
BRDA:1114,193,0,0
BRDA:1114,193,1,0
BRDA:1123,194,0,0
BRDA:1123,194,1,0
BRDA:1129,195,0,0
BRDA:1129,195,1,0
BRDA:1139,196,0,0
BRDA:1139,196,1,0
BRDA:1141,197,0,0
BRDA:1141,197,1,0
BRDA:1154,198,0,1
BRDA:1154,198,1,0
BRDA:1156,199,0,0
BRDA:1156,199,1,1
BRDA:1156,200,0,1
BRDA:1156,200,1,0
BRDA:1156,201,0,0
BRDA:1156,201,1,0
BRDA:1174,202,0,1
BRDA:1174,202,1,0
BRDA:1174,202,2,0
BRDA:1175,203,0,1
BRDA:1175,203,1,0
BRDA:1175,203,2,0
BRDA:1197,204,0,0
BRDA:1197,204,1,1
BRDA:1199,205,0,0
BRDA:1199,205,1,1
BRDA:1222,206,0,1
BRDA:1222,206,1,1
BRDA:1245,207,0,0
BRDA:1245,207,1,0
BRDA:1245,207,2,0
BRDA:1245,207,3,0
BRDA:1249,208,0,0
BRDA:1249,208,1,0
BRDA:1249,209,0,0
BRDA:1249,209,1,0
BRDA:1249,209,2,0
BRDA:1249,209,3,0
BRDA:1253,210,0,0
BRDA:1253,210,1,0
BRDA:1258,211,0,0
BRDA:1258,211,1,0
BRDA:1265,212,0,0
BRDA:1265,212,1,0
BRDA:1265,212,2,0
BRDA:1273,213,0,0
BRDA:1273,213,1,0
BRDA:1277,214,0,0
BRDA:1277,214,1,0
BRDA:1277,215,0,0
BRDA:1277,215,1,0
BRDA:1284,216,0,0
BRDA:1284,216,1,0
BRDA:1287,217,0,0
BRDA:1287,217,1,0
BRDA:1287,218,0,0
BRDA:1287,218,1,0
BRDA:1289,219,0,0
BRDA:1289,219,1,0
BRDA:1290,220,0,0
BRDA:1290,220,1,0
BRDA:1294,221,0,0
BRDA:1294,221,1,0
BRDA:1295,222,0,0
BRDA:1295,222,1,0
BRDA:1295,223,0,0
BRDA:1295,223,1,0
BRDA:1306,224,0,0
BRDA:1306,224,1,0
BRDA:1308,225,0,0
BRDA:1308,225,1,0
BRDA:1309,226,0,0
BRDA:1309,226,1,0
BRDA:1312,227,0,0
BRDA:1312,227,1,0
BRDA:1315,228,0,0
BRDA:1315,228,1,0
BRDA:1315,229,0,0
BRDA:1315,229,1,0
BRDA:1318,230,0,0
BRDA:1318,230,1,0
BRDA:1319,231,0,0
BRDA:1319,231,1,0
BRDA:1319,232,0,0
BRDA:1319,232,1,0
BRDA:1353,233,0,0
BRDA:1353,233,1,0
BRDA:1360,234,0,0
BRDA:1360,234,1,0
BRDA:1366,235,0,0
BRDA:1366,235,1,0
BRDA:1373,236,0,0
BRDA:1373,236,1,0
BRDA:1387,237,0,0
BRDA:1387,237,1,0
BRDA:1387,238,0,0
BRDA:1387,238,1,0
BRDA:1391,239,0,0
BRDA:1391,239,1,0
BRDA:1391,240,0,0
BRDA:1391,240,1,0
BRDA:1392,241,0,0
BRDA:1392,241,1,0
BRDA:1392,241,2,0
BRDA:1395,242,0,0
BRDA:1395,242,1,0
BRDA:1395,243,0,0
BRDA:1395,243,1,0
BRDA:1399,244,0,0
BRDA:1399,244,1,0
BRDA:1403,245,0,0
BRDA:1403,245,1,0
BRDA:1403,246,0,0
BRDA:1403,246,1,0
BRDA:1403,246,2,0
BRDA:1403,246,3,0
BRDA:1407,247,0,0
BRDA:1407,247,1,0
BRDA:1407,248,0,0
BRDA:1407,248,1,0
BRDA:1408,249,0,0
BRDA:1408,249,1,0
BRDA:1408,249,2,0
BRDA:1408,249,3,0
BRDA:1413,250,0,0
BRDA:1413,250,1,0
BRDA:1417,251,0,0
BRDA:1417,251,1,0
BRDA:1425,252,0,0
BRDA:1425,252,1,0
BRDA:1425,253,0,0
BRDA:1425,253,1,0
BRDA:1430,254,0,0
BRDA:1430,254,1,0
BRDA:1433,255,0,0
BRDA:1433,255,1,0
BRDA:1437,256,0,0
BRDA:1437,256,1,0
BRDA:1444,257,0,0
BRDA:1444,257,1,0
BRDA:1453,258,0,0
BRDA:1453,258,1,0
BRDA:1459,259,0,0
BRDA:1459,259,1,0
BRDA:1461,260,0,0
BRDA:1461,260,1,0
BRDA:1468,261,0,0
BRDA:1468,261,1,0
BRDA:1468,262,0,0
BRDA:1468,262,1,0
BRDA:1477,263,0,0
BRDA:1477,263,1,0
BRDA:1484,264,0,0
BRDA:1484,264,1,0
BRDA:1488,265,0,0
BRDA:1488,265,1,0
BRDA:1495,266,0,0
BRDA:1495,266,1,0
BRDA:1507,267,0,0
BRDA:1507,267,1,0
BRDA:1515,268,0,0
BRDA:1515,268,1,0
BRDA:1519,269,0,0
BRDA:1519,269,1,0
BRDA:1520,270,0,0
BRDA:1520,270,1,0
BRDA:1536,271,0,0
BRDA:1536,271,1,0
BRDA:1536,271,2,0
BRDA:1536,271,3,0
BRDA:1536,271,4,0
BRDA:1536,271,5,0
BRDA:1536,271,6,0
BRDA:1539,272,0,0
BRDA:1539,272,1,0
BRDA:1544,273,0,0
BRDA:1544,273,1,0
BRDA:1544,274,0,0
BRDA:1544,274,1,0
BRDA:1557,275,0,0
BRDA:1557,275,1,0
BRDA:1557,275,2,0
BRDA:1558,276,0,0
BRDA:1558,276,1,0
BRDA:1558,276,2,0
BRDA:1560,277,0,0
BRDA:1560,277,1,0
BRDA:1565,278,0,0
BRDA:1565,278,1,0
BRDA:1572,279,0,0
BRDA:1572,279,1,0
BRDA:1572,280,0,0
BRDA:1572,280,1,0
BRDA:1574,281,0,0
BRDA:1574,281,1,0
BRDA:1578,282,0,0
BRDA:1578,282,1,0
BRDA:1586,283,0,1
BRDA:1586,283,1,0
BRDA:1586,283,2,0
BRDA:1587,284,0,1
BRDA:1587,284,1,0
BRDA:1587,284,2,0
BRDA:1593,285,0,0
BRDA:1593,285,1,1
BRDA:1598,286,0,0
BRDA:1598,286,1,1
BRDA:1603,287,0,1
BRDA:1603,287,1,0
BRDA:1607,288,0,1
BRDA:1607,288,1,1
BRDA:1654,289,0,10
BRDA:1654,289,1,0
BRDA:1677,290,0,116
BRDA:1677,290,1,0
BRDA:1684,291,0,0
BRDA:1684,291,1,10
BRDA:1684,292,0,10
BRDA:1684,292,1,0
BRDA:1684,292,2,0
BRDA:1701,293,0,1
BRDA:1701,293,1,0
BRDA:1701,293,2,0
BRDA:1702,294,0,1
BRDA:1702,294,1,0
BRDA:1702,294,2,0
BRDA:1704,295,0,0
BRDA:1704,295,1,1
BRDA:1709,296,0,0
BRDA:1709,296,1,1
BRDA:1714,297,0,1
BRDA:1714,297,1,0
BRDA:1718,298,0,1
BRDA:1718,298,1,1
BRDA:1729,299,0,0
BRDA:1729,299,1,0
BRDA:1729,299,2,0
BRDA:1729,299,3,0
BRDA:1737,300,0,0
BRDA:1737,300,1,0
BRDA:1750,301,0,1
BRDA:1750,301,1,0
BRDA:1750,301,2,0
BRDA:1751,302,0,1
BRDA:1751,302,1,0
BRDA:1751,302,2,0
BRDA:1753,303,0,0
BRDA:1753,303,1,1
BRDA:1758,304,0,0
BRDA:1758,304,1,1
BRDA:1763,305,0,1
BRDA:1763,305,1,0
BRDA:1767,306,0,1
BRDA:1767,306,1,1
BRDA:1785,307,0,0
BRDA:1785,307,1,20
BRDA:1787,308,0,0
BRDA:1787,308,1,20
BRDA:1803,309,0,1
BRDA:1803,309,1,0
BRDA:1803,309,2,0
BRDA:1804,310,0,1
BRDA:1804,310,1,0
BRDA:1804,310,2,0
BRDA:1806,311,0,0
BRDA:1806,311,1,1
BRDA:1811,312,0,0
BRDA:1811,312,1,1
BRDA:1816,313,0,1
BRDA:1816,313,1,0
BRDA:1820,314,0,1
BRDA:1820,314,1,1
BRDA:1842,315,0,0
BRDA:1842,315,1,8
BRDA:1859,316,0,0
BRDA:1859,316,1,0
BRDA:1859,317,0,0
BRDA:1859,317,1,0
BRDA:1863,318,0,0
BRDA:1863,318,1,0
BRDA:1866,319,0,0
BRDA:1866,319,1,0
BRDA:1867,320,0,0
BRDA:1867,320,1,0
BRDA:1870,321,0,0
BRDA:1870,321,1,0
BRDA:1871,322,0,0
BRDA:1871,322,1,0
BRDA:1874,323,0,0
BRDA:1874,323,1,0
BRDA:1885,324,0,0
BRDA:1885,324,1,0
BRDA:1885,324,2,0
BRDA:1885,324,3,0
BRDA:1885,324,4,12
BRDA:1885,324,5,0
BRDA:1887,325,0,0
BRDA:1887,325,1,0
BRDA:1896,326,0,0
BRDA:1896,326,1,0
BRDA:1913,327,0,0
BRDA:1913,327,1,0
BRDA:1922,328,0,0
BRDA:1922,328,1,0
BRDA:1930,329,0,12
BRDA:1930,329,1,0
BRDA:1941,330,0,0
BRDA:1941,330,1,12
BRDA:1948,331,0,0
BRDA:1948,331,1,0
BRDA:1950,332,0,0
BRDA:1950,332,1,0
BRDA:1956,333,0,0
BRDA:1956,333,1,0
BRDA:1963,334,0,0
BRDA:1963,334,1,0
BRDA:1965,335,0,0
BRDA:1965,335,1,0
BRDA:1971,336,0,0
BRDA:1971,336,1,0
BRDA:1984,337,0,0
BRDA:1984,337,1,0
BRDA:2020,338,0,0
BRDA:2020,338,1,0
BRDA:2025,339,0,0
BRDA:2025,339,1,0
BRDA:2025,340,0,0
BRDA:2025,340,1,0
BRDA:2025,340,2,0
BRDA:2029,341,0,0
BRDA:2029,341,1,0
BRDA:2035,342,0,0
BRDA:2035,342,1,0
BRDA:2058,343,0,1
BRDA:2058,343,1,0
BRDA:2058,343,2,0
BRDA:2059,344,0,1
BRDA:2059,344,1,0
BRDA:2059,344,2,0
BRDA:2067,345,0,0
BRDA:2067,345,1,1
BRDA:2072,346,0,0
BRDA:2072,346,1,1
BRDA:2077,347,0,1
BRDA:2077,347,1,0
BRDA:2081,348,0,1
BRDA:2081,348,1,1
BRDA:2123,349,0,0
BRDA:2123,349,1,0
BRDA:2124,350,0,0
BRDA:2124,350,1,0
BRDA:2127,351,0,0
BRDA:2127,351,1,0
BRDA:2130,352,0,1
BRDA:2130,352,1,0
BRDA:2130,352,2,0
BRDA:2133,353,0,0
BRDA:2133,353,1,1
BRDA:2140,354,0,1
BRDA:2140,354,1,0
BRDA:2142,355,0,0
BRDA:2142,355,1,0
BRDA:2157,356,0,1
BRDA:2157,356,1,0
BRDA:2157,356,2,0
BRDA:2158,357,0,1
BRDA:2158,357,1,0
BRDA:2158,357,2,0
BRDA:2160,358,0,0
BRDA:2160,358,1,1
BRDA:2165,359,0,0
BRDA:2165,359,1,1
BRDA:2170,360,0,1
BRDA:2170,360,1,0
BRDA:2174,361,0,1
BRDA:2174,361,1,1
BRDA:2175,362,0,1
BRDA:2175,362,1,1
BRDA:2200,363,0,0
BRDA:2200,363,1,0
BRDA:2208,364,0,0
BRDA:2208,364,1,0
BRDA:2208,365,0,0
BRDA:2208,365,1,0
BRDA:2216,366,0,0
BRDA:2216,366,1,0
BRDA:2220,367,0,0
BRDA:2220,367,1,0
BRDA:2230,368,0,0
BRDA:2230,368,1,0
BRDA:2236,369,0,0
BRDA:2236,369,1,0
BRDA:2236,370,0,0
BRDA:2236,370,1,0
BRDA:2244,371,0,0
BRDA:2244,371,1,0
BRDA:2261,372,0,0
BRDA:2261,372,1,0
BRDA:2261,373,0,0
BRDA:2261,373,1,0
BRDA:2265,374,0,0
BRDA:2265,374,1,0
BRDA:2269,375,0,0
BRDA:2269,375,1,0
BRDA:2304,376,0,0
BRDA:2304,376,1,0
BRDA:2319,377,0,0
BRDA:2319,377,1,0
BRDA:2319,378,0,0
BRDA:2319,378,1,0
BRDA:2330,379,0,0
BRDA:2330,379,1,0
BRDA:2343,380,0,0
BRDA:2343,380,1,0
BRDA:2347,381,0,0
BRDA:2347,381,1,0
BRDA:2350,382,0,0
BRDA:2350,382,1,0
BRDA:2354,383,0,0
BRDA:2354,383,1,0
BRDA:2366,384,0,0
BRDA:2366,384,1,0
BRDA:2386,385,0,1
BRDA:2386,385,1,0
BRDA:2386,385,2,0
BRDA:2387,386,0,1
BRDA:2387,386,1,0
BRDA:2387,386,2,0
BRDA:2396,387,0,0
BRDA:2396,387,1,1
BRDA:2401,388,0,0
BRDA:2401,388,1,1
BRDA:2406,389,0,1
BRDA:2406,389,1,0
BRDA:2410,390,0,1
BRDA:2410,390,1,1
BRDA:2436,391,0,0
BRDA:2436,391,1,0
BRDA:2436,392,0,0
BRDA:2436,392,1,0
BRDA:2440,393,0,0
BRDA:2440,393,1,0
BRDA:2440,394,0,0
BRDA:2440,394,1,0
BRDA:2444,395,0,0
BRDA:2444,395,1,0
BRDA:2456,396,0,0
BRDA:2456,396,1,0
BRDA:2461,397,0,0
BRDA:2461,397,1,0
BRDA:2487,398,0,0
BRDA:2487,398,1,0
BRDA:2504,399,0,0
BRDA:2504,399,1,0
BRDA:2527,400,0,0
BRDA:2527,400,1,0
BRDA:2539,401,0,0
BRDA:2539,401,1,0
BRDA:2545,402,0,0
BRDA:2545,402,1,0
BRDA:2557,403,0,0
BRDA:2557,403,1,0
BRDA:2580,404,0,0
BRDA:2580,404,1,0
BRDA:2583,405,0,0
BRDA:2583,405,1,0
BRDA:2587,406,0,0
BRDA:2587,406,1,0
BRDA:2587,407,0,0
BRDA:2587,407,1,0
BRDA:2603,408,0,0
BRDA:2603,408,1,0
BRDA:2616,409,0,0
BRDA:2616,409,1,0
BRDA:2616,410,0,0
BRDA:2616,410,1,0
BRDA:2637,411,0,0
BRDA:2637,411,1,0
BRDA:2641,412,0,0
BRDA:2641,412,1,0
BRDA:2649,413,0,0
BRDA:2649,413,1,0
BRDA:2649,414,0,0
BRDA:2649,414,1,0
BRDA:2659,415,0,0
BRDA:2659,415,1,0
BRDA:2662,416,0,0
BRDA:2662,416,1,0
BRDA:2680,417,0,0
BRDA:2680,417,1,0
BRDA:2697,418,0,0
BRDA:2697,418,1,0
BRDA:2697,419,0,0
BRDA:2697,419,1,0
BRDA:2699,420,0,0
BRDA:2699,420,1,0
BRDA:2708,421,0,0
BRDA:2708,421,1,0
BRDA:2711,422,0,0
BRDA:2711,422,1,0
BRDA:2713,423,0,0
BRDA:2713,423,1,0
BRDA:2724,424,0,0
BRDA:2724,424,1,0
BRDA:2725,425,0,0
BRDA:2725,425,1,0
BRDA:2737,426,0,0
BRDA:2737,426,1,0
BRDA:2737,427,0,0
BRDA:2737,427,1,0
BRDA:2740,428,0,0
BRDA:2740,428,1,0
BRDA:2809,429,0,0
BRDA:2809,429,1,0
BRDA:2815,430,0,0
BRDA:2815,430,1,0
BRDA:2847,431,0,1
BRDA:2847,431,1,0
BRDA:2847,431,2,0
BRDA:2848,432,0,1
BRDA:2848,432,1,0
BRDA:2848,432,2,0
BRDA:2859,433,0,0
BRDA:2859,433,1,1
BRDA:2864,434,0,0
BRDA:2864,434,1,1
BRDA:2869,435,0,1
BRDA:2869,435,1,0
BRDA:2873,436,0,1
BRDA:2873,436,1,1
BRDA:2897,437,0,0
BRDA:2897,437,1,1
BRDA:2897,438,0,1
BRDA:2897,438,1,0
BRDA:2901,439,0,0
BRDA:2901,439,1,1
BRDA:2911,440,0,0
BRDA:2911,440,1,0
BRDA:2912,441,0,0
BRDA:2912,441,1,0
BRDA:2914,442,0,0
BRDA:2914,442,1,0
BRDA:2926,443,0,0
BRDA:2926,443,1,0
BRDA:2932,444,0,0
BRDA:2932,444,1,0
BRDA:2936,445,0,0
BRDA:2936,445,1,0
BRDA:2943,446,0,0
BRDA:2943,446,1,0
BRDA:2943,447,0,0
BRDA:2943,447,1,0
BRDA:2947,448,0,0
BRDA:2947,448,1,0
BRDA:2947,449,0,0
BRDA:2947,449,1,0
BRDA:2947,449,2,0
BRDA:2958,450,0,0
BRDA:2958,450,1,0
BRDA:2961,451,0,0
BRDA:2961,451,1,0
BRDA:2970,452,0,0
BRDA:2970,452,1,0
BRDA:2981,453,0,0
BRDA:2981,453,1,0
BRDA:2984,454,0,0
BRDA:2984,454,1,0
BRDA:2988,455,0,0
BRDA:2988,455,1,0
BRDA:3008,456,0,0
BRDA:3008,456,1,0
BRDA:3008,456,2,0
BRDA:3008,456,3,0
BRDA:3008,456,4,0
BRDA:3018,457,0,0
BRDA:3018,457,1,0
BRDA:3020,458,0,0
BRDA:3020,458,1,0
BRDA:3022,459,0,0
BRDA:3022,459,1,0
BRDA:3054,460,0,0
BRDA:3054,460,1,0
BRDA:3068,461,0,0
BRDA:3068,461,1,0
BRDA:3071,462,0,0
BRDA:3071,462,1,0
BRDA:3085,463,0,0
BRDA:3085,463,1,0
BRDA:3099,464,0,0
BRDA:3099,464,1,0
BRDA:3102,465,0,0
BRDA:3102,465,1,0
BRDA:3136,466,0,0
BRDA:3136,466,1,0
BRDA:3160,467,0,0
BRDA:3160,467,1,0
BRDA:3185,468,0,0
BRDA:3185,468,1,0
BRDA:3212,469,0,9
BRDA:3212,469,1,13
BRDA:3212,470,0,22
BRDA:3212,470,1,22
BRDA:3212,470,2,9
BRDA:3221,471,0,1
BRDA:3221,471,1,0
BRDA:3221,471,2,0
BRDA:3222,472,0,1
BRDA:3222,472,1,0
BRDA:3222,472,2,0
BRDA:3230,473,0,0
BRDA:3230,473,1,1
BRDA:3235,474,0,0
BRDA:3235,474,1,1
BRDA:3240,475,0,1
BRDA:3240,475,1,0
BRDA:3244,476,0,1
BRDA:3244,476,1,1
BRDA:3265,477,0,0
BRDA:3265,477,1,0
BRDA:3265,478,0,0
BRDA:3265,478,1,0
BRDA:3265,478,2,0
BRDA:3272,479,0,0
BRDA:3272,479,1,0
BRDA:3273,480,0,0
BRDA:3273,480,1,0
BRDA:3274,481,0,0
BRDA:3274,481,1,0
BRDA:3274,482,0,0
BRDA:3274,482,1,0
BRDA:3277,483,0,0
BRDA:3277,483,1,0
BRDA:3277,484,0,0
BRDA:3277,484,1,0
BRDA:3286,485,0,0
BRDA:3286,485,1,0
BRDA:3286,486,0,0
BRDA:3286,486,1,0
BRDA:3292,487,0,0
BRDA:3292,487,1,0
BRDA:3292,488,0,0
BRDA:3292,488,1,0
BRDA:3296,489,0,0
BRDA:3296,489,1,0
BRDA:3296,490,0,0
BRDA:3296,490,1,0
BRDA:3298,491,0,0
BRDA:3298,491,1,0
BRDA:3312,492,0,0
BRDA:3312,492,1,0
BRDA:3316,493,0,0
BRDA:3316,493,1,0
BRDA:3316,493,2,0
BRDA:3323,494,0,0
BRDA:3323,494,1,0
BRDA:3323,495,0,0
BRDA:3323,495,1,0
BRDA:3361,496,0,0
BRDA:3361,496,1,0
BRDA:3369,497,0,0
BRDA:3369,497,1,0
BRDA:3391,498,0,0
BRDA:3391,498,1,0
BRDA:3398,499,0,24
BRDA:3398,499,1,7
BRDA:3398,500,0,31
BRDA:3398,500,1,31
BRDA:3398,500,2,26
BRDA:3398,500,3,26
BRDA:3398,500,4,25
BRDA:3413,501,0,1
BRDA:3413,501,1,0
BRDA:3413,501,2,0
BRDA:3414,502,0,1
BRDA:3414,502,1,0
BRDA:3414,502,2,0
BRDA:3424,503,0,0
BRDA:3424,503,1,1
BRDA:3429,504,0,0
BRDA:3429,504,1,1
BRDA:3434,505,0,1
BRDA:3434,505,1,0
BRDA:3438,506,0,1
BRDA:3438,506,1,1
BRDA:3470,507,0,0
BRDA:3470,507,1,0
BRDA:3478,508,0,0
BRDA:3478,508,1,0
BRDA:3488,509,0,0
BRDA:3488,509,1,0
BRDA:3488,510,0,0
BRDA:3488,510,1,0
BRDA:3493,511,0,0
BRDA:3493,511,1,0
BRDA:3502,512,0,0
BRDA:3502,512,1,0
BRDA:3514,513,0,0
BRDA:3514,513,1,0
BRDA:3518,514,0,0
BRDA:3518,514,1,0
BRDA:3523,515,0,0
BRDA:3523,515,1,0
BRDA:3544,516,0,0
BRDA:3544,516,1,0
BRDA:3551,517,0,0
BRDA:3551,517,1,0
BRDA:3557,518,0,0
BRDA:3557,518,1,0
BRDA:3567,519,0,0
BRDA:3567,519,1,0
BRDA:3569,520,0,0
BRDA:3569,520,1,0
BRDA:3577,521,0,0
BRDA:3577,521,1,0
BRDA:3577,522,0,0
BRDA:3577,522,1,0
BRDA:3579,523,0,0
BRDA:3579,523,1,0
BRDA:3583,524,0,0
BRDA:3583,524,1,0
BRDA:3584,525,0,0
BRDA:3584,525,1,0
BRDA:3590,526,0,0
BRDA:3590,526,1,0
BRDA:3590,527,0,0
BRDA:3590,527,1,0
BRDA:3600,528,0,0
BRDA:3600,528,1,0
BRDA:3601,529,0,0
BRDA:3601,529,1,0
BRDA:3607,530,0,0
BRDA:3607,530,1,0
BRDA:3607,531,0,0
BRDA:3607,531,1,0
BRDA:3628,532,0,0
BRDA:3628,532,1,0
BRDA:3639,533,0,0
BRDA:3639,533,1,0
BRDA:3639,534,0,0
BRDA:3639,534,1,0
BRDA:3642,535,0,0
BRDA:3642,535,1,0
BRDA:3649,536,0,0
BRDA:3649,536,1,0
BRDA:3658,537,0,0
BRDA:3658,537,1,0
BRDA:3662,538,0,0
BRDA:3662,538,1,0
BRDA:3670,539,0,0
BRDA:3670,539,1,0
BRDA:3672,540,0,0
BRDA:3672,540,1,0
BRDA:3672,540,2,0
BRDA:3694,541,0,0
BRDA:3694,541,1,0
BRDA:3698,542,0,0
BRDA:3698,542,1,0
BRDA:3709,543,0,0
BRDA:3709,543,1,0
BRDA:3713,544,0,0
BRDA:3713,544,1,0
BRDA:3740,545,0,0
BRDA:3740,545,1,0
BRDA:3749,546,0,0
BRDA:3749,546,1,0
BRDA:3753,547,0,0
BRDA:3753,547,1,0
BRDA:3758,548,0,0
BRDA:3758,548,1,0
BRDA:3758,549,0,0
BRDA:3758,549,1,0
BRDA:3763,550,0,0
BRDA:3763,550,1,0
BRDA:3767,551,0,0
BRDA:3767,551,1,0
BRDA:3772,552,0,0
BRDA:3772,552,1,0
BRDA:3777,553,0,0
BRDA:3777,553,1,0
BRDA:3777,554,0,0
BRDA:3777,554,1,0
BRDA:3785,555,0,0
BRDA:3785,555,1,0
BRDA:3790,556,0,0
BRDA:3790,556,1,0
BRDA:3798,557,0,0
BRDA:3798,557,1,0
BRDA:3798,558,0,0
BRDA:3798,558,1,0
BRDA:3802,559,0,0
BRDA:3802,559,1,0
BRDA:3802,560,0,0
BRDA:3802,560,1,0
BRDA:3806,561,0,0
BRDA:3806,561,1,0
BRDA:3810,562,0,0
BRDA:3810,562,1,0
BRDA:3812,563,0,0
BRDA:3812,563,1,0
BRDA:3816,564,0,0
BRDA:3816,564,1,0
BRDA:3816,565,0,0
BRDA:3816,565,1,0
BRDA:3822,566,0,0
BRDA:3822,566,1,0
BRDA:3826,567,0,0
BRDA:3826,567,1,0
BRDA:3851,568,0,0
BRDA:3851,568,1,0
BRDA:3853,569,0,0
BRDA:3853,569,1,0
BRDA:3858,570,0,0
BRDA:3858,570,1,0
BRDA:3865,571,0,0
BRDA:3865,571,1,0
BRDA:3874,572,0,0
BRDA:3874,572,1,0
BRDA:3899,573,0,1
BRDA:3899,573,1,0
BRDA:3899,573,2,0
BRDA:3900,574,0,1
BRDA:3900,574,1,0
BRDA:3900,574,2,0
BRDA:3915,575,0,0
BRDA:3915,575,1,1
BRDA:3920,576,0,0
BRDA:3920,576,1,1
BRDA:3925,577,0,1
BRDA:3925,577,1,0
BRDA:3929,578,0,1
BRDA:3929,578,1,1
BRDA:3952,579,0,0
BRDA:3952,579,1,0
BRDA:3963,580,0,0
BRDA:3963,580,1,0
BRDA:4003,581,0,0
BRDA:4003,581,1,0
BRDA:4018,582,0,0
BRDA:4018,582,1,0
BRDA:4021,583,0,0
BRDA:4021,583,1,0
BRDA:4022,584,0,0
BRDA:4022,584,1,0
BRDA:4035,585,0,0
BRDA:4035,585,1,0
BRDA:4035,586,0,0
BRDA:4035,586,1,0
BRDA:4035,586,2,0
BRDA:4039,587,0,0
BRDA:4039,587,1,0
BRDA:4077,588,0,1
BRDA:4077,588,1,0
BRDA:4077,588,2,0
BRDA:4078,589,0,1
BRDA:4078,589,1,0
BRDA:4078,589,2,0
BRDA:4088,590,0,0
BRDA:4088,590,1,1
BRDA:4093,591,0,0
BRDA:4093,591,1,1
BRDA:4098,592,0,1
BRDA:4098,592,1,0
BRDA:4102,593,0,1
BRDA:4102,593,1,1
BRDA:4126,594,0,1
BRDA:4126,594,1,0
BRDA:4132,595,0,0
BRDA:4132,595,1,0
BRDA:4138,596,0,0
BRDA:4138,596,1,0
BRDA:4152,597,0,0
BRDA:4152,597,1,1
BRDA:4153,598,0,0
BRDA:4153,598,1,1
BRDA:4160,599,0,1
BRDA:4160,599,1,0
BRDA:4160,599,2,0
BRDA:4161,600,0,1
BRDA:4161,600,1,0
BRDA:4161,600,2,0
BRDA:4169,601,0,0
BRDA:4169,601,1,1
BRDA:4171,602,0,0
BRDA:4171,602,1,1
BRDA:4190,603,0,0
BRDA:4190,603,1,1
BRDA:4220,604,0,0
BRDA:4220,604,1,0
BRDA:4221,605,0,0
BRDA:4221,605,1,0
BRDA:4231,606,0,0
BRDA:4231,606,1,0
BRDA:4240,607,0,0
BRDA:4240,607,1,0
BRDA:4241,608,0,0
BRDA:4241,608,1,0
BRDA:4246,609,0,0
BRDA:4246,609,1,0
BRDA:4246,609,2,0
BRDA:4249,610,0,0
BRDA:4249,610,1,0
BRDA:4257,611,0,0
BRDA:4257,611,1,0
BRDA:4257,611,2,0
BRDA:4260,612,0,0
BRDA:4260,612,1,0
BRDA:4272,613,0,1
BRDA:4272,613,1,0
BRDA:4272,613,2,0
BRDA:4273,614,0,1
BRDA:4273,614,1,0
BRDA:4273,614,2,0
BRDA:4280,615,0,0
BRDA:4280,615,1,1
BRDA:4282,616,0,0
BRDA:4282,616,1,1
BRDA:4316,617,0,0
BRDA:4316,617,1,0
BRDA:4343,618,0,1
BRDA:4343,618,1,0
BRDA:4343,618,2,0
BRDA:4344,619,0,1
BRDA:4344,619,1,0
BRDA:4344,619,2,0
BRDA:4346,620,0,0
BRDA:4346,620,1,1
BRDA:4351,621,0,0
BRDA:4351,621,1,1
BRDA:4356,622,0,1
BRDA:4356,622,1,0
BRDA:4360,623,0,1
BRDA:4360,623,1,1
BRDA:4372,624,0,0
BRDA:4372,624,1,1
BRDA:4382,625,0,0
BRDA:4382,625,1,1
BRDA:4394,626,0,0
BRDA:4394,626,1,0
BRDA:4400,627,0,0
BRDA:4400,627,1,0
BRDA:4404,628,0,0
BRDA:4404,628,1,0
BRDA:4410,629,0,0
BRDA:4410,629,1,0
BRDA:4413,630,0,0
BRDA:4413,630,1,0
BRDA:4419,631,0,0
BRDA:4419,631,1,0
BRDA:4441,632,0,0
BRDA:4441,632,1,0
BRDA:4441,632,2,0
BRDA:4441,632,3,0
BRDA:4447,633,0,0
BRDA:4447,633,1,0
BRDA:4453,634,0,0
BRDA:4453,634,1,0
BRDA:4455,635,0,0
BRDA:4455,635,1,0
BRDA:4455,636,0,0
BRDA:4455,636,1,0
BRDA:4455,636,2,0
BRDA:4464,637,0,0
BRDA:4464,637,1,0
BRDA:4465,638,0,0
BRDA:4465,638,1,0
BRDA:4478,639,0,0
BRDA:4478,639,1,0
BRDA:4487,640,0,0
BRDA:4487,640,1,0
BRDA:4497,641,0,0
BRDA:4497,641,1,0
BRDA:4497,642,0,0
BRDA:4497,642,1,0
BRDA:4507,643,0,0
BRDA:4507,643,1,0
BRDA:4524,644,0,0
BRDA:4524,644,1,0
BRDA:4525,645,0,0
BRDA:4525,645,1,0
BRDA:4546,646,0,0
BRDA:4546,646,1,0
BRDA:4552,647,0,0
BRDA:4552,647,1,0
BRDA:4556,648,0,0
BRDA:4556,648,1,0
BRDA:4565,649,0,1
BRDA:4565,649,1,0
BRDA:4565,649,2,0
BRDA:4566,650,0,1
BRDA:4566,650,1,0
BRDA:4566,650,2,0
BRDA:4577,651,0,0
BRDA:4577,651,1,1
BRDA:4579,652,0,0
BRDA:4579,652,1,1
BRDA:4584,653,0,0
BRDA:4584,653,1,1
BRDA:4604,654,0,1
BRDA:4604,654,1,0
BRDA:4609,655,0,0
BRDA:4609,655,1,0
BRDA:4627,656,0,1
BRDA:4627,656,1,1
BRDA:4668,657,0,0
BRDA:4668,657,1,0
BRDA:4671,658,0,0
BRDA:4671,658,1,0
BRDA:4678,659,0,0
BRDA:4678,659,1,0
BRDA:4698,660,0,0
BRDA:4698,660,1,0
BRDA:4709,661,0,0
BRDA:4709,661,1,0
BRDA:4709,662,0,0
BRDA:4709,662,1,0
BRDA:4719,663,0,0
BRDA:4719,663,1,0
BRDA:4725,664,0,0
BRDA:4725,664,1,0
BRDA:4729,665,0,0
BRDA:4729,665,1,0
BRDA:4738,666,0,0
BRDA:4738,666,1,0
BRDA:4749,667,0,0
BRDA:4749,667,1,0
BRDA:4759,668,0,0
BRDA:4759,668,1,0
BRDA:4767,669,0,0
BRDA:4767,669,1,0
BRDA:4767,669,2,0
BRDA:4767,669,3,0
BRDA:4767,669,4,0
BRDA:4767,669,5,0
BRDA:4806,670,0,0
BRDA:4806,670,1,0
BRDA:4815,671,0,0
BRDA:4815,671,1,0
BRDA:4818,672,0,0
BRDA:4818,672,1,0
BRDA:4821,673,0,0
BRDA:4821,673,1,0
BRDA:4824,674,0,0
BRDA:4824,674,1,0
BRDA:4829,675,0,0
BRDA:4829,675,1,0
BRDA:4831,676,0,0
BRDA:4831,676,1,0
BRDA:4849,677,0,0
BRDA:4849,677,1,0
BRDA:4855,678,0,0
BRDA:4855,678,1,0
BRDA:4861,679,0,0
BRDA:4861,679,1,0
BRDA:4861,680,0,0
BRDA:4861,680,1,0
BRDA:4867,681,0,0
BRDA:4867,681,1,0
BRDA:4878,682,0,0
BRDA:4878,682,1,0
BRDA:4944,683,0,0
BRDA:4944,683,1,0
BRDA:4948,684,0,0
BRDA:4948,684,1,0
BRDA:4953,685,0,0
BRDA:4953,685,1,0
BRDA:4958,686,0,0
BRDA:4958,686,1,0
BRDA:4970,687,0,0
BRDA:4970,687,1,0
BRDA:4978,688,0,0
BRDA:4980,689,0,0
BRDA:4980,689,1,0
BRDA:4996,690,0,0
BRDA:4996,690,1,0
BRDA:4996,691,0,0
BRDA:4996,691,1,0
BRDA:5000,692,0,0
BRDA:5000,692,1,0
BRDA:5013,693,0,0
BRDA:5013,693,1,0
BRDA:5018,694,0,0
BRDA:5018,694,1,0
BRDA:5029,695,0,0
BRDA:5029,695,1,0
BRDA:5031,696,0,0
BRDA:5031,696,1,0
BRDA:5034,697,0,0
BRDA:5034,697,1,0
BRDA:5034,698,0,0
BRDA:5034,698,1,0
BRDA:5043,699,0,0
BRDA:5043,699,1,0
BRDA:5046,700,0,0
BRDA:5046,700,1,0
BRDA:5056,701,0,0
BRDA:5056,701,1,0
BRDA:5061,702,0,0
BRDA:5061,702,1,0
BRDA:5061,703,0,0
BRDA:5061,703,1,0
BRDA:5072,704,0,0
BRDA:5072,704,1,0
BRDA:5078,705,0,0
BRDA:5078,705,1,0
BRDA:5082,706,0,0
BRDA:5082,706,1,0
BRDA:5088,707,0,0
BRDA:5088,707,1,0
BRDA:5092,708,0,0
BRDA:5092,708,1,0
BRDA:5099,709,0,0
BRDA:5099,709,1,0
BRDA:5099,710,0,0
BRDA:5099,710,1,0
BRDA:5113,711,0,0
BRDA:5113,711,1,0
BRDA:5118,712,0,0
BRDA:5118,712,1,0
BRDA:5128,713,0,0
BRDA:5128,713,1,0
BRDA:5128,714,0,0
BRDA:5128,714,1,0
BRDA:5128,714,2,0
BRDA:5137,715,0,0
BRDA:5137,715,1,0
BRDA:5142,716,0,0
BRDA:5142,716,1,0
BRDA:5144,717,0,0
BRDA:5144,717,1,0
BRDA:5145,718,0,0
BRDA:5145,718,1,0
BRDA:5149,719,0,0
BRDA:5149,719,1,0
BRDA:5155,720,0,0
BRDA:5155,720,1,0
BRDA:5161,721,0,0
BRDA:5161,721,1,0
BRDA:5177,722,0,0
BRDA:5177,722,1,0
BRDA:5181,723,0,0
BRDA:5181,723,1,0
BRDA:5187,724,0,0
BRDA:5187,724,1,0
BRDA:5191,725,0,0
BRDA:5191,725,1,0
BRDA:5195,726,0,0
BRDA:5195,726,1,0
BRDA:5197,727,0,0
BRDA:5197,727,1,0
BRDA:5197,728,0,0
BRDA:5197,728,1,0
BRDA:5212,729,0,1
BRDA:5212,729,1,0
BRDA:5212,729,2,0
BRDA:5213,730,0,1
BRDA:5213,730,1,0
BRDA:5213,730,2,0
BRDA:5224,731,0,0
BRDA:5224,731,1,1
BRDA:5229,732,0,0
BRDA:5229,732,1,1
BRDA:5234,733,0,1
BRDA:5234,733,1,0
BRDA:5238,734,0,1
BRDA:5238,734,1,1
BRDA:5239,735,0,0
BRDA:5239,735,1,1
BRDA:5266,736,0,0
BRDA:5266,736,1,0
BRDA:5270,737,0,0
BRDA:5270,737,1,0
BRDA:5278,738,0,1
BRDA:5278,738,1,0
BRDA:5283,739,0,0
BRDA:5283,739,1,0
BRDA:5285,740,0,0
BRDA:5285,740,1,0
BRDA:5285,740,2,0
BRDA:5285,740,3,0
BRDA:5287,741,0,0
BRDA:5287,741,1,0
BRDA:5293,742,0,0
BRDA:5293,742,1,0
BRDA:5293,743,0,0
BRDA:5293,743,1,0
BRDA:5297,744,0,0
BRDA:5297,744,1,0
BRDA:5298,745,0,0
BRDA:5298,745,1,0
BRDA:5300,746,0,0
BRDA:5300,746,1,0
BRDA:5300,747,0,0
BRDA:5300,747,1,0
BRDA:5315,748,0,0
BRDA:5315,748,1,0
BRDA:5337,749,0,0
BRDA:5337,749,1,0
BRDA:5339,750,0,0
BRDA:5339,750,1,0
BRDA:5339,751,0,0
BRDA:5339,751,1,0
BRDA:5351,752,0,0
BRDA:5351,752,1,0
BRDA:5353,753,0,0
BRDA:5353,753,1,0
BRDA:5353,754,0,0
BRDA:5353,754,1,0
BRDA:5357,755,0,0
BRDA:5357,755,1,0
BRDA:5365,756,0,0
BRDA:5365,756,1,0
BRDA:5365,757,0,0
BRDA:5365,757,1,0
BRDA:5366,758,0,0
BRDA:5366,758,1,0
BRDA:5367,759,0,0
BRDA:5367,759,1,0
BRDA:5374,760,0,0
BRDA:5374,760,1,0
BRDA:5375,761,0,0
BRDA:5375,761,1,0
BRDA:5395,762,0,0
BRDA:5395,762,1,0
BRDA:5395,763,0,0
BRDA:5395,763,1,0
BRDA:5400,764,0,0
BRDA:5400,764,1,0
BRDA:5404,765,0,0
BRDA:5404,765,1,0
BRDA:5409,766,0,0
BRDA:5409,766,1,0
BRDA:5418,767,0,0
BRDA:5418,767,1,0
BRDA:5423,768,0,0
BRDA:5423,768,1,0
BRDA:5427,769,0,0
BRDA:5427,769,1,0
BRDA:5437,770,0,0
BRDA:5437,770,1,0
BRDA:5441,771,0,0
BRDA:5441,771,1,0
BRDA:5443,772,0,0
BRDA:5443,772,1,0
BRDA:5445,773,0,0
BRDA:5445,773,1,0
BRDA:5452,774,0,0
BRDA:5452,774,1,0
BRDA:5463,775,0,0
BRDA:5463,775,1,0
BRDA:5468,776,0,1
BRDA:5468,776,1,0
BRDA:5468,776,2,0
BRDA:5469,777,0,1
BRDA:5469,777,1,0
BRDA:5469,777,2,0
BRDA:5480,778,0,0
BRDA:5480,778,1,1
BRDA:5482,779,0,0
BRDA:5482,779,1,1
BRDA:5516,780,0,0
BRDA:5516,780,1,0
BRDA:5517,781,0,0
BRDA:5517,781,1,0
BRDA:5524,782,0,0
BRDA:5524,782,1,0
BRDA:5530,783,0,0
BRDA:5530,783,1,0
BRDA:5536,784,0,0
BRDA:5536,784,1,0
BRDA:5549,785,0,0
BRDA:5549,785,1,0
BRDA:5550,786,0,0
BRDA:5550,786,1,0
BRDA:5553,787,0,0
BRDA:5553,787,1,0
BRDA:5563,788,0,0
BRDA:5563,788,1,0
BRDA:5571,789,0,1
BRDA:5571,789,1,0
BRDA:5571,789,2,0
BRDA:5572,790,0,1
BRDA:5572,790,1,0
BRDA:5572,790,2,0
BRDA:5581,791,0,0
BRDA:5581,791,1,1
BRDA:5583,792,0,0
BRDA:5583,792,1,1
BRDA:5612,793,0,0
BRDA:5612,793,1,0
BRDA:5616,794,0,0
BRDA:5616,794,1,0
BRDA:5616,795,0,0
BRDA:5616,795,1,0
BRDA:5627,796,0,0
BRDA:5627,796,1,0
BRDA:5628,797,0,0
BRDA:5628,797,1,0
BRDA:5635,798,0,0
BRDA:5635,798,1,0
BRDA:5636,799,0,0
BRDA:5636,799,1,0
BRDA:5656,800,0,0
BRDA:5656,800,1,0
BRDA:5658,801,0,0
BRDA:5658,801,1,0
BRDA:5658,802,0,0
BRDA:5658,802,1,0
BRDA:5669,803,0,0
BRDA:5669,803,1,0
BRDA:5673,804,0,0
BRDA:5673,804,1,0
BRDA:5689,805,0,0
BRDA:5689,805,1,0
BRDA:5698,806,0,0
BRDA:5698,806,1,0
BRDA:5703,807,0,0
BRDA:5703,807,1,0
BRDA:5710,808,0,0
BRDA:5710,808,1,0
BRDA:5713,809,0,0
BRDA:5713,809,1,0
BRDA:5713,809,2,0
BRDA:5731,810,0,1
BRDA:5731,810,1,0
BRDA:5731,810,2,0
BRDA:5732,811,0,1
BRDA:5732,811,1,0
BRDA:5732,811,2,0
BRDA:5743,812,0,0
BRDA:5743,812,1,1
BRDA:5748,813,0,0
BRDA:5748,813,1,1
BRDA:5753,814,0,1
BRDA:5753,814,1,0
BRDA:5757,815,0,1
BRDA:5757,815,1,1
BRDA:5780,816,0,0
BRDA:5780,816,1,0
[...]
BRDA:133,13,1,0
BRDA:134,14,0,0
BRDA:134,14,1,0
BRDA:139,15,0,0
BRDA:139,15,1,0
BRDA:140,16,0,0
BRDA:140,16,1,0
BRDA:140,16,2,0
BRDA:141,17,0,0
BRDA:141,17,1,0
BRDA:141,18,0,0
BRDA:141,18,1,0
BRDA:149,19,0,0
BRDA:149,19,1,0
BRDA:149,20,0,0
BRDA:149,20,1,0
BRDA:149,20,2,0
BRDA:160,21,0,0
BRDA:160,21,1,0
BRDA:160,22,0,0
BRDA:160,22,1,0
BRDA:171,23,0,0
BRDA:171,23,1,0
BRDA:171,24,0,0
BRDA:171,24,1,0
BRDA:171,24,2,0
BRDA:185,25,0,0
BRDA:185,25,1,0
BRDA:185,25,2,0
BRDA:197,26,0,0
BRDA:197,26,1,0
BRDA:197,27,0,0
BRDA:197,27,1,0
BRDA:197,27,2,0
BRDA:234,28,0,0
BRDA:234,28,1,0
BRDA:234,29,0,0
BRDA:234,29,1,0
BRDA:234,29,2,0
BRDA:236,30,0,0
BRDA:236,30,1,0
BRDA:259,31,0,0
BRDA:259,31,1,0
BRDA:260,32,0,0
BRDA:260,32,1,0
BRDA:263,33,0,0
BRDA:263,33,1,0
BRDA:274,34,0,0
BRDA:274,34,1,0
BRDA:274,34,2,0
BRDA:277,35,0,0
BRDA:277,35,1,0
BRDA:277,36,0,0
BRDA:277,36,1,0
BRDA:277,36,2,0
BRDA:286,37,0,0
BRDA:286,37,1,0
BRDA:289,38,0,0
BRDA:289,38,1,0
BRDA:289,39,0,0
BRDA:289,39,1,0
BRDA:290,40,0,0
BRDA:290,40,1,0
BRDA:295,41,0,0
BRDA:295,41,1,0
BRDA:301,42,0,0
BRDA:301,42,1,0
BRDA:304,43,0,0
BRDA:304,43,1,0
BRDA:310,44,0,0
BRDA:310,44,1,0
BRDA:312,45,0,0
BRDA:312,45,1,0
BRDA:312,46,0,0
BRDA:312,46,1,0
BRDA:324,47,0,0
BRDA:324,47,1,0
BRDA:346,48,0,0
BRDA:346,48,1,0
BRDA:355,49,0,0
BRDA:355,49,1,0
BRDA:357,50,0,0
BRDA:357,50,1,0
BRDA:359,51,0,0
BRDA:359,51,1,0
BRDA:362,52,0,0
BRDA:362,52,1,0
BRDA:363,53,0,0
BRDA:363,53,1,0
BRDA:365,54,0,0
BRDA:365,54,1,0
BRDA:375,55,0,0
BRDA:375,55,1,0
BRDA:382,56,0,0
BRDA:382,56,1,0
BRDA:386,57,0,0
BRDA:386,57,1,0
BRDA:396,58,0,0
BRDA:396,58,1,0
BRDA:398,59,0,0
BRDA:398,59,1,0
BRDA:404,60,0,0
BRDA:404,60,1,0
BRDA:406,61,0,0
BRDA:406,61,1,0
BRDA:418,62,0,0
BRDA:418,62,1,0
BRDA:418,63,0,0
BRDA:418,63,1,0
BRDA:425,64,0,1
BRDA:425,64,1,0
BRDA:437,65,0,0
BRDA:437,65,1,0
BRDA:476,66,0,3
BRDA:476,66,1,9
BRDA:480,67,0,9
BRDA:480,67,1,3
BRDA:482,68,0,0
BRDA:482,68,1,3
BRDA:520,69,0,0
BRDA:520,69,1,0
BRDA:520,70,0,0
BRDA:520,70,1,0
BRDA:523,71,0,0
BRDA:523,71,1,0
BRDA:527,72,0,0
BRDA:527,72,1,0
BRDA:527,73,0,0
BRDA:527,73,1,0
BRDA:527,73,2,0
BRDA:533,74,0,0
BRDA:533,74,1,0
BRDA:539,75,0,0
BRDA:539,75,1,0
BRDA:542,76,0,0
BRDA:542,76,1,0
BRDA:542,77,0,0
BRDA:542,77,1,0
BRDA:542,77,2,0
BRDA:557,78,0,0
BRDA:557,78,1,1
BRDA:562,79,0,1
BRDA:562,79,1,0
BRDA:562,80,0,1
BRDA:562,80,1,1
BRDA:576,81,0,0
BRDA:576,81,1,0
BRDA:580,82,0,0
BRDA:580,82,1,0
BRDA:584,83,0,0
BRDA:584,83,1,0
BRDA:598,84,0,1
BRDA:598,84,1,11
BRDA:604,85,0,6
BRDA:604,85,1,5
BRDA:610,86,0,3
BRDA:610,86,1,2
BRDA:612,87,0,2
BRDA:612,87,1,0
BRDA:755,88,0,0
BRDA:755,88,1,0
BRDA:774,89,0,1
BRDA:774,89,1,0
BRDA:808,90,0,0
BRDA:808,90,1,1
BRDA:822,91,0,0
BRDA:822,91,1,0
BRDA:875,92,0,0
BRDA:875,92,1,0
BRDA:876,93,0,0
BRDA:876,93,1,0
BRDA:928,94,0,0
BRDA:928,94,1,0
BRDA:977,95,0,1
BRDA:977,95,1,0
BRDA:1025,96,0,0
BRDA:1025,96,1,1
BRDA:1153,97,0,0
BRDA:1153,97,1,0
BRDA:1155,98,0,0
BRDA:1155,98,1,0
BRDA:1155,98,2,0
BRDA:1155,98,3,0
BRDA:1155,98,4,0
BRDA:1239,99,0,0
BRDA:1239,99,1,0
BRDA:1245,100,0,0
BRDA:1245,100,1,0
BRDA:1337,101,0,0
BRDA:1337,101,1,0
BRDA:1381,102,0,0
BRDA:1381,102,1,0
BRDA:1429,103,0,0
BRDA:1429,103,1,1
BRDA:1429,104,0,1
BRDA:1429,104,1,1
BRDA:1481,105,0,1
BRDA:1481,105,1,0
BRDA:1484,106,0,0
BRDA:1484,106,1,1
BRDA:1485,107,0,0
BRDA:1485,107,1,1
BRDA:1490,108,0,0
BRDA:1490,108,1,1
BRDA:1492,109,0,1
BRDA:1492,109,1,0
BRDA:1493,110,0,0
BRDA:1493,110,1,1
BRDA:1496,111,0,0
BRDA:1496,111,1,0
BRDA:1497,112,0,0
BRDA:1497,112,1,0
BRDA:1498,113,0,0
BRDA:1498,113,1,0
BRDA:1499,114,0,0
BRDA:1499,114,1,0
BRDA:1500,115,0,0
BRDA:1500,115,1,0
BRDA:1501,116,0,0
BRDA:1501,116,1,0
BRDA:1502,117,0,0
BRDA:1502,117,1,0
BRDA:1503,118,0,0
BRDA:1503,118,1,0
BRDA:1504,119,0,0
BRDA:1504,119,1,0
BRDA:1505,120,0,0
BRDA:1505,120,1,0
BRDA:1506,121,0,0
BRDA:1506,121,1,0
BRDA:1507,122,0,0
BRDA:1507,122,1,0
BRDA:1520,123,0,0
BRDA:1520,123,1,1
BRDA:1545,124,0,1
BRDA:1545,124,1,1
BRDA:1548,125,0,1
BRDA:1548,125,1,0
BRDA:1551,126,0,0
BRDA:1551,126,1,1
BRDA:1552,127,0,0
BRDA:1552,127,1,0
BRDA:1556,128,0,0
BRDA:1556,128,1,1
BRDA:1556,129,0,1
BRDA:1556,129,1,0
BRDA:1560,130,0,0
BRDA:1560,130,1,1
BRDA:1575,131,0,2
BRDA:1575,131,1,1
BRDA:1577,132,0,0
BRDA:1577,132,1,2
BRDA:1578,133,0,0
BRDA:1578,133,1,2
BRDA:1598,134,0,0
BRDA:1598,134,1,0
BRDA:1598,134,2,0
BRDA:1613,135,0,0
BRDA:1613,135,1,0
BRDA:1635,136,0,0
BRDA:1635,136,1,0
BRDA:1711,137,0,2
BRDA:1711,137,1,1
BRDA:1724,138,0,0
BRDA:1724,138,1,1
BRDA:1739,139,0,0
BRDA:1739,139,1,0
BRDA:1739,140,0,0
BRDA:1739,140,1,0
BRDA:1780,141,0,0
BRDA:1780,141,1,1
BRDA:1780,142,0,1
BRDA:1780,142,1,1
BRDA:1826,143,0,0
BRDA:1826,143,1,1
BRDA:1835,144,0,0
BRDA:1835,144,1,1
BRDA:1836,145,0,1
BRDA:1836,145,1,0
BRDA:1837,146,0,0
BRDA:1837,146,1,1
BRDA:1838,147,0,0
BRDA:1838,147,1,1
BRDA:1844,148,0,0
BRDA:1844,148,1,0
BRDA:1846,149,0,0
BRDA:1846,149,1,0
BRDA:1879,150,0,0
BRDA:1879,150,1,0
BRDA:1880,151,0,0
BRDA:1880,151,1,0
BRDA:1881,152,0,0
BRDA:1881,152,1,0
BRDA:1894,153,0,0
BRDA:1894,153,1,0
BRDA:1896,154,0,0
BRDA:1896,154,1,0
BRDA:1897,155,0,0
BRDA:1897,155,1,0
BRDA:1897,155,2,0
BRDA:1897,155,3,0
BRDA:1897,155,4,0
BRDA:1897,155,5,0
BRDA:1897,155,6,0
BRDA:1897,155,7,0
BRDA:1897,155,8,0
BRDA:1897,155,9,0
BRDA:1897,155,10,0
BRDA:1897,155,11,0
BRDA:1897,155,12,0
BRDA:1897,155,13,0
BRDA:1897,155,14,0
BRDA:1897,155,15,0
BRDA:1932,156,0,0
BRDA:1932,156,1,0
BRDA:1933,157,0,0
BRDA:1933,157,1,0
BRDA:1934,158,0,0
BRDA:1934,158,1,0
BRDA:1935,159,0,0
BRDA:1935,159,1,0
BRDA:1948,160,0,0
BRDA:1948,160,1,0
BRDA:1948,160,2,0
BRDA:1948,160,3,0
BRDA:1948,160,4,0
BRDA:1960,161,0,0
BRDA:1960,161,1,0
BRDA:1961,162,0,0
BRDA:1961,162,1,0
BRDA:1996,163,0,0
BRDA:1996,163,1,1
BRDA:2012,164,0,1
BRDA:2012,164,1,1
BRDA:2024,165,0,0
BRDA:2024,165,1,1
BRDA:2025,166,0,0
BRDA:2025,166,1,0
BRDA:2071,167,0,0
BRDA:2071,167,1,1
BRDA:2090,168,0,0
BRDA:2090,168,1,0
BRDA:2100,169,0,1
BRDA:2100,169,1,0
BRDA:2101,170,0,0
BRDA:2101,170,1,1
BRDA:2114,171,0,0
BRDA:2114,171,1,0
BRDA:2118,172,0,0
BRDA:2118,172,1,0
BRDA:2122,173,0,0
BRDA:2122,173,1,0
BRDA:2126,174,0,0
BRDA:2126,174,1,0
BRDA:2130,175,0,0
BRDA:2130,175,1,0
BRDA:2156,176,0,0
BRDA:2156,176,1,0
BRDA:2157,177,0,0
BRDA:2157,177,1,0
BRDA:2162,178,0,0
BRDA:2162,178,1,0
BRDA:2172,179,0,0
BRDA:2172,179,1,0
BRDA:2176,180,0,0
BRDA:2176,180,1,0
BRDA:2176,181,0,0
BRDA:2176,181,1,0
BRDA:2176,181,2,0
BRDA:2179,182,0,0
BRDA:2179,182,1,0
BRDA:2187,183,0,0
BRDA:2187,183,1,0
BRDA:2189,184,0,0
BRDA:2189,184,1,0
BRDA:2220,185,0,0
BRDA:2220,185,1,0
BRDA:2230,186,0,0
BRDA:2230,186,1,0
BRDA:2231,187,0,0
BRDA:2231,187,1,0
BRDA:2235,188,0,0
BRDA:2235,188,1,0
BRDA:2240,189,0,0
BRDA:2240,189,1,0
BRDA:2243,190,0,0
BRDA:2243,190,1,0
BRDA:2245,191,0,0
BRDA:2245,191,1,0
BRDA:2253,192,0,0
BRDA:2253,192,1,0
BRDA:2289,193,0,0
BRDA:2289,193,1,0
BRDA:2293,194,0,0
BRDA:2293,194,1,0
BRDA:2301,195,0,0
BRDA:2301,195,1,0
BRDA:2341,196,0,0
BRDA:2341,196,1,0
BRDA:2373,197,0,0
BRDA:2373,197,1,0
BRDA:2376,198,0,0
BRDA:2376,198,1,0
BRDA:2377,199,0,0
BRDA:2377,199,1,0
BRDA:2378,200,0,0
BRDA:2378,200,1,0
BRDA:2379,201,0,0
BRDA:2379,201,1,0
BRDA:2403,202,0,0
BRDA:2403,202,1,0
BRDA:2404,203,0,0
BRDA:2404,203,1,0
BRDA:2406,204,0,0
BRDA:2406,204,1,0
BRDA:2407,205,0,0
BRDA:2407,205,1,0
BRDA:2491,206,0,0
BRDA:2491,206,1,0
BRDA:2500,207,0,0
BRDA:2500,207,1,0
BRDA:2557,208,0,0
BRDA:2557,208,1,0
BRDA:2562,209,0,0
BRDA:2562,209,1,0
BRDA:2563,210,0,0
BRDA:2563,210,1,0
BRDA:2571,211,0,0
BRDA:2571,211,1,0
BRDA:2639,212,0,0
BRDA:2639,212,1,0
BRDA:2640,213,0,0
BRDA:2640,213,1,0
BRDA:2641,214,0,0
BRDA:2641,214,1,0
BRDA:2711,215,0,0
BRDA:2711,215,1,0
BRDA:2712,216,0,0
BRDA:2712,216,1,0
BRDA:2722,217,0,0
BRDA:2722,217,1,0
BRDA:2727,218,0,0
BRDA:2727,218,1,0
BRDA:2729,219,0,0
BRDA:2729,219,1,0
BRDA:2735,220,0,0
BRDA:2735,220,1,0
BRDA:2737,221,0,0
BRDA:2737,221,1,0
BRDA:2743,222,0,0
BRDA:2743,222,1,0
BRDA:2746,223,0,0
BRDA:2746,223,1,0
BRDA:2759,224,0,0
BRDA:2759,224,1,0
BRDA:2764,225,0,0
BRDA:2764,225,1,0
BRDA:2770,226,0,0
BRDA:2770,226,1,0
BRDA:2779,227,0,0
BRDA:2779,227,1,0
BRDA:2782,228,0,0
BRDA:2782,228,1,0
BRDA:2786,229,0,0
BRDA:2786,229,1,0
BRDA:2789,230,0,0
BRDA:2789,230,1,0
BRDA:2795,231,0,0
BRDA:2795,231,1,0
BRDA:2798,232,0,0
BRDA:2798,232,1,0
BRDA:2798,233,0,0
BRDA:2798,233,1,0
BRDA:2798,233,2,0
BRDA:2807,234,0,0
BRDA:2807,234,1,0
BRDA:2811,235,0,0
BRDA:2811,235,1,0
BRDA:2822,236,0,0
BRDA:2822,236,1,0
BRDA:2835,237,0,0
BRDA:2835,237,1,0
BRDA:2839,238,0,0
BRDA:2839,238,1,0
BRDA:2879,239,0,0
BRDA:2879,239,1,0
BRDA:2897,240,0,0
BRDA:2897,240,1,0
BRDA:2917,241,0,0
BRDA:2917,241,1,0
BRDA:2929,242,0,0
BRDA:2929,242,1,0
BRDA:2982,243,0,0
BRDA:2982,243,1,0
BRDA:3003,244,0,0
BRDA:3003,244,1,0
BRDA:3009,245,0,0
BRDA:3009,245,1,0
BRDA:3045,246,0,0
BRDA:3045,246,1,0
BRDA:3075,247,0,0
BRDA:3075,247,1,0
BRDA:3078,248,0,0
BRDA:3078,248,1,0
BRDA:3085,249,0,0
BRDA:3085,249,1,0
BRDA:3257,250,0,0
BRDA:3257,250,1,0
BRDA:3341,251,0,0
BRDA:3341,251,1,0
BRDA:3346,252,0,0
BRDA:3346,252,1,0
BRDA:3498,253,0,0
BRDA:3498,253,1,0
BRDA:3510,254,0,0
BRDA:3510,254,1,0
BRDA:3511,255,0,0
BRDA:3511,255,1,0
BRDA:3705,256,0,0
BRDA:3705,256,1,0
BRDA:3710,257,0,0
BRDA:3710,257,1,0
BRDA:3750,258,0,0
BRDA:3750,258,1,0
BRDA:3755,259,0,0
BRDA:3755,259,1,0
BRDA:3756,260,0,0
BRDA:3756,260,1,0
BRDA:3762,261,0,0
BRDA:3762,261,1,0
BRDA:3778,262,0,0
BRDA:3778,262,1,0
BRDA:3780,263,0,0
BRDA:3780,263,1,0
BRDA:3782,264,0,0
BRDA:3782,264,1,0
BRDA:3842,265,0,0
BRDA:3842,265,1,0
BRDA:3902,266,0,0
BRDA:3902,266,1,0
BRDA:3911,267,0,0
BRDA:3911,267,1,0
BRDA:3912,268,0,0
BRDA:3912,268,1,0
BRDA:3913,269,0,0
BRDA:3913,269,1,0
BRDA:3914,270,0,0
BRDA:3914,270,1,0
BRDA:3931,271,0,0
BRDA:3931,271,1,0
BRDA:3931,272,0,0
BRDA:3931,272,1,0
BRDA:3943,273,0,0
BRDA:3943,273,1,0
BRDA:4014,274,0,0
BRDA:4014,274,1,0
BRDA:4023,275,0,0
BRDA:4023,275,1,0
BRDA:4111,276,0,0
BRDA:4111,276,1,0
BRDA:4174,277,0,0
BRDA:4174,277,1,0
BRDA:4174,278,0,0
BRDA:4174,278,1,0
BRDA:4175,279,0,0
BRDA:4175,279,1,0
BRDA:4201,280,0,0
BRDA:4201,280,1,0
BRDA:4213,281,0,0
BRDA:4213,281,1,0
BRDA:4236,282,0,0
BRDA:4236,282,1,0
BRDA:4251,283,0,0
BRDA:4251,283,1,0
BRDA:4254,284,0,0
BRDA:4254,284,1,0
BRDA:4257,285,0,0
BRDA:4257,285,1,0
BRDA:4269,286,0,0
BRDA:4269,286,1,0
BRDA:4277,287,0,0
BRDA:4277,287,1,0
BRDA:4278,288,0,0
BRDA:4278,288,1,0
BRDA:4336,289,0,1
BRDA:4336,289,1,1
BRDA:4364,290,0,1
BRDA:4364,290,1,1
BRDA:4365,291,0,0
BRDA:4365,291,1,1
BRDA:4366,292,0,0
BRDA:4366,292,1,1
BRDA:4369,293,0,0
BRDA:4369,293,1,1
BRDA:4382,294,0,0
BRDA:4382,294,1,1
BRDA:4383,295,0,0
BRDA:4383,295,1,1
BRDA:4398,296,0,0
BRDA:4398,296,1,1
BRDA:4445,297,0,0
BRDA:4445,297,1,0
BRDA:4446,298,0,0
BRDA:4446,298,1,0
BRDA:4447,299,0,0
BRDA:4447,299,1,0
BRDA:4460,300,0,0
BRDA:4460,300,1,0
BRDA:4462,301,0,0
BRDA:4462,301,1,0
BRDA:4465,302,0,0
BRDA:4465,302,1,0
BRDA:4496,303,0,1
BRDA:4496,303,1,0
BRDA:4496,304,0,1
BRDA:4496,304,1,1
BRDA:4500,305,0,0
BRDA:4500,305,1,0
BRDA:4502,306,0,0
BRDA:4502,306,1,0
BRDA:4508,307,0,0
BRDA:4508,307,1,1
BRDA:4509,308,0,0
BRDA:4509,308,1,1
BRDA:4509,309,0,0
BRDA:4509,309,1,0
BRDA:4512,310,0,0
BRDA:4512,310,1,1
BRDA:4517,311,0,0
BRDA:4517,311,1,1
BRDA:4517,312,0,1
BRDA:4517,312,1,1
BRDA:4517,312,2,0
BRDA:4525,313,0,0
BRDA:4525,313,1,1
BRDA:4530,314,0,0
BRDA:4530,314,1,0
BRDA:4530,315,0,0
BRDA:4530,315,1,0
BRDA:4531,316,0,0
BRDA:4531,316,1,0
BRDA:4532,317,0,0
BRDA:4532,317,1,0
BRDA:4546,318,0,0
BRDA:4546,318,1,1
BRDA:4552,319,0,0
BRDA:4552,319,1,1
BRDA:4563,320,0,0
BRDA:4563,320,1,1
BRDA:4563,321,0,1
BRDA:4563,321,1,0
BRDA:4570,322,0,0
BRDA:4570,322,1,0
BRDA:4661,323,0,1
BRDA:4661,323,1,1
BRDA:4706,324,0,0
BRDA:4706,324,1,3
BRDA:4707,325,0,3
BRDA:4707,325,1,0
BRDA:4725,326,0,7
BRDA:4725,326,1,1
BRDA:4741,327,0,0
BRDA:4741,327,1,2
BRDA:4754,328,0,1
BRDA:4754,328,1,0
BRDA:4760,329,0,0
BRDA:4760,329,1,0
BRDA:4761,330,0,0
BRDA:4761,330,1,0
BRDA:4764,331,0,0
BRDA:4764,331,1,0
BRDA:4770,332,0,0
BRDA:4770,332,1,0
BRDA:4772,333,0,0
BRDA:4772,333,1,0
BRDA:4789,334,0,0
BRDA:4789,334,1,0
BRDA:4793,335,0,0
BRDA:4793,335,1,0
BRDA:4793,336,0,0
BRDA:4793,336,1,0
BRDA:4823,337,0,0
BRDA:4823,337,1,0
BRDA:4844,338,0,8
BRDA:4844,338,1,0
BRDA:4858,339,0,0
BRDA:4858,339,1,0
BRDA:4859,340,0,0
BRDA:4859,340,1,0
BRDA:4860,341,0,0
BRDA:4860,341,1,0
BRDA:4897,342,0,2
BRDA:4897,342,1,4
BRDA:4903,343,0,0
BRDA:4903,343,1,4
BRDA:4968,344,0,0
BRDA:4968,344,1,1
BRDA:5001,345,0,0
BRDA:5001,345,1,0
BRDA:5003,346,0,0
BRDA:5003,346,1,0
BRDA:5008,347,0,0
BRDA:5008,347,1,0
BRDA:5021,348,0,0
BRDA:5021,348,1,3
BRDA:5021,349,0,3
BRDA:5021,349,1,0
BRDA:5023,350,0,0
BRDA:5023,350,1,3
BRDA:5025,351,0,0
BRDA:5025,351,1,3
BRDA:5031,352,0,2
BRDA:5031,352,1,1
BRDA:5035,353,0,0
BRDA:5035,353,1,1
BRDA:5036,354,0,0
BRDA:5036,354,1,1
BRDA:5039,355,0,0
BRDA:5039,355,1,1
BRDA:5049,356,0,0
BRDA:5049,356,1,1
BRDA:5054,357,0,0
BRDA:5054,357,1,1
BRDA:5060,358,0,0
BRDA:5060,358,1,1
BRDA:5061,359,0,0
BRDA:5061,359,1,0
BRDA:5068,360,0,0
BRDA:5068,360,1,0
BRDA:5103,361,0,0
BRDA:5103,361,1,2
BRDA:5108,362,0,0
BRDA:5108,362,1,3
BRDA:5110,363,0,0
BRDA:5110,363,1,0
BRDA:5121,364,0,0
BRDA:5121,364,1,3
BRDA:5124,365,0,2
BRDA:5124,365,1,1
BRDA:5137,366,0,0
BRDA:5137,366,1,2
BRDA:5150,367,0,0
BRDA:5150,367,1,0
BRDA:5151,368,0,0
BRDA:5151,368,1,0
BRDA:5153,369,0,0
BRDA:5153,369,1,0
BRDA:5161,370,0,0
BRDA:5161,370,1,0
BRDA:5166,371,0,0
BRDA:5166,371,1,0
BRDA:5170,372,0,0
BRDA:5170,372,1,0
BRDA:5193,373,0,1
BRDA:5193,373,1,0
BRDA:5219,374,0,0
BRDA:5219,374,1,1
BRDA:5255,375,0,0
BRDA:5255,375,1,0
BRDA:5260,376,0,0
BRDA:5260,376,1,0
BRDA:5260,377,0,0
BRDA:5260,377,1,0
BRDA:5264,378,0,0
BRDA:5264,378,1,0
BRDA:5264,379,0,0
BRDA:5264,379,1,0
BRDA:5267,380,0,0
BRDA:5267,380,1,0
BRDA:5270,381,0,0
BRDA:5270,381,1,0
BRDA:5273,382,0,0
BRDA:5273,382,1,0
BRDA:5273,382,2,0
BRDA:5285,383,0,0
BRDA:5285,383,1,1
BRDA:5285,384,0,1
BRDA:5285,384,1,1
BRDA:5294,385,0,0
BRDA:5294,385,1,0
BRDA:5337,386,0,0
BRDA:5337,386,1,1
BRDA:5409,387,0,2
BRDA:5409,387,1,1
BRDA:5410,388,0,0
BRDA:5410,388,1,1
BRDA:5411,389,0,0
BRDA:5411,389,1,1
BRDA:5426,390,0,2
BRDA:5426,390,1,2
BRDA:5441,391,0,2
BRDA:5441,391,1,1
BRDA:5442,392,0,0
BRDA:5442,392,1,1
BRDA:5457,393,0,1
BRDA:5457,393,1,2
BRDA:5472,394,0,0
BRDA:5472,394,1,0
BRDA:5473,395,0,0
BRDA:5473,395,1,0
BRDA:5477,396,0,0
BRDA:5477,396,1,0
BRDA:5499,397,0,0
BRDA:5499,397,1,0
BRDA:5500,398,0,0
BRDA:5500,398,1,0
BRDA:5504,399,0,0
BRDA:5504,399,1,0
BRDA:5526,400,0,0
BRDA:5526,400,1,0
BRDA:5527,401,0,0
BRDA:5527,401,1,0
BRDA:5531,402,0,0
BRDA:5531,402,1,0
BRDA:5553,403,0,0
BRDA:5553,403,1,0
BRDA:5554,404,0,0
BRDA:5554,404,1,0
BRDA:5558,405,0,0
BRDA:5558,405,1,0
BRDA:5618,406,0,6
BRDA:5618,406,1,7
BRDA:5620,407,0,0
BRDA:5620,407,1,6
BRDA:5660,408,0,0
BRDA:5660,408,1,0
BRDA:5714,409,0,1
BRDA:5714,409,1,1
BRDA:5782,410,0,7
BRDA:5782,410,1,980
BRDA:5820,411,0,0
BRDA:5820,411,1,0
BRDA:5834,412,0,1
BRDA:5834,412,1,0
BRDA:5839,413,0,0
BRDA:5839,413,1,0
BRDA:5861,414,0,0
BRDA:5861,414,1,0
BRDA:5873,415,0,1
BRDA:5873,415,1,0
BRDA:5882,416,0,0
BRDA:5882,416,1,1
BRDA:5882,417,0,1
BRDA:5882,417,1,0
BRDA:5883,418,0,0
BRDA:5883,418,1,0
BRDA:5904,419,0,0
BRDA:5904,419,1,0
BRDA:5905,420,0,0
BRDA:5905,420,1,0
BRDA:5913,421,0,0
BRDA:5913,421,1,0
BRDA:5915,422,0,0
BRDA:5915,422,1,0
BRDA:5951,423,0,0
BRDA:5951,423,1,0
BRDA:5951,424,0,0
BRDA:5951,424,1,0
BRDA:6037,425,0,0
BRDA:6037,425,1,0
BRDA:6039,426,0,0
BRDA:6039,426,1,0
BRDA:6039,426,2,0
BRDA:6039,426,3,0
BRDA:6070,427,0,0
BRDA:6070,427,1,0
BRDA:6070,428,0,0
BRDA:6070,428,1,0
BRDA:6097,429,0,0
BRDA:6097,429,1,0
BRDA:6098,430,0,0
BRDA:6098,430,1,0
BRDA:6103,431,0,0
BRDA:6103,431,1,0
BRDA:6103,432,0,0
BRDA:6103,432,1,0
BRDA:6108,433,0,0
BRDA:6108,433,1,0
BRDA:6126,434,0,0
BRDA:6126,434,1,0
BRDA:6128,435,0,0
BRDA:6128,435,1,0
BRDA:6130,436,0,0
BRDA:6130,436,1,0
BRDA:6131,437,0,0
BRDA:6131,437,1,0
BRDA:6132,438,0,0
BRDA:6132,438,1,0
BRDA:6136,439,0,0
BRDA:6136,439,1,0
BRDA:6136,439,2,0
BRDA:6136,439,3,0
BRDA:6136,439,4,0
BRDA:6136,439,5,0
BRDA:6136,439,6,0
BRDA:6136,439,7,0
BRDA:6136,439,8,0
BRDA:6136,439,9,0
BRDA:6148,440,0,0
BRDA:6148,440,1,0
BRDA:6148,441,0,0
BRDA:6148,441,1,0
BRDA:6158,442,0,0
BRDA:6158,442,1,0
BRDA:6158,443,0,0
BRDA:6158,443,1,0
BRDA:6162,444,0,0
BRDA:6162,444,1,0
BRDA:6162,445,0,0
BRDA:6162,445,1,0
BRDA:6170,446,0,0
BRDA:6170,446,1,0
BRDA:6173,447,0,0
BRDA:6173,447,1,0
BRDA:6175,448,0,0
BRDA:6175,448,1,0
BRDA:6178,449,0,0
BRDA:6178,449,1,0
BRDA:6190,450,0,0
BRDA:6190,450,1,0
BRDA:6221,451,0,0
BRDA:6221,451,1,0
BRDA:6223,452,0,0
BRDA:6223,452,1,0
BRDA:6227,453,0,0
BRDA:6227,453,1,0
BRDA:6227,453,2,0
BRDA:6227,453,3,0
BRDA:6227,453,4,0
BRDA:6227,453,5,0
BRDA:6227,453,6,0
BRDA:6227,453,7,0
BRDA:6227,453,8,0
BRDA:6227,453,9,0
BRDA:6227,453,10,0
BRDA:6245,454,0,0
BRDA:6245,454,1,0
BRDA:6251,455,0,0
BRDA:6251,455,1,0
BRDA:6278,456,0,0
BRDA:6278,456,1,0
BRDA:6279,457,0,0
BRDA:6279,457,1,0
BRDA:6283,458,0,0
BRDA:6283,458,1,0
BRDA:6290,459,0,0
BRDA:6290,459,1,0
BRDA:6300,460,0,0
BRDA:6300,460,1,0
BRDA:6301,461,0,0
BRDA:6301,461,1,0
BRDA:6310,462,0,0
BRDA:6310,462,1,0
BRDA:6310,463,0,0
BRDA:6310,463,1,0
BRDA:6310,463,2,0
BRDA:6335,464,0,0
BRDA:6335,464,1,0
BRDA:6351,465,0,0
BRDA:6351,465,1,1
BRDA:6354,466,0,0
BRDA:6354,466,1,1
BRDA:6363,467,0,0
BRDA:6363,467,1,0
BRDA:6363,467,2,0
BRDA:6370,468,0,0
BRDA:6370,468,1,0
BRDA:6375,469,0,0
BRDA:6375,469,1,0
BRDA:6375,469,2,0
BRDA:6375,469,3,0
BRDA:6375,469,4,0
BRDA:6375,469,5,0
BRDA:6387,470,0,0
BRDA:6387,470,1,0
BRDA:6387,471,0,0
BRDA:6387,471,1,0
BRDA:6387,471,2,0
BRDA:6387,471,3,0
BRDA:6392,472,0,0
BRDA:6392,472,1,0
BRDA:6392,473,0,0
BRDA:6392,473,1,0
BRDA:6440,474,0,0
BRDA:6440,474,1,0
BRDA:6441,475,0,0
BRDA:6441,475,1,0
BRDA:6447,476,0,0
BRDA:6447,476,1,0
BRDA:6456,477,0,1
BRDA:6456,477,1,0
BRDA:6482,478,0,8
BRDA:6482,478,1,8
BRDA:6485,479,0,0
BRDA:6485,479,1,0
BRDA:6498,480,0,1
BRDA:6498,480,1,7
BRDA:6531,481,0,0
BRDA:6531,481,1,1
BRDA:6544,482,0,1
BRDA:6544,482,1,1
BRDA:6545,483,0,0
BRDA:6545,483,1,1
BRDA:6546,484,0,0
BRDA:6546,484,1,1
BRDA:6547,485,0,0
BRDA:6547,485,1,1
BRDA:6552,486,0,0
BRDA:6552,486,1,0
BRDA:6552,487,0,0
BRDA:6552,487,1,0
BRDA:6552,487,2,0
BRDA:6555,488,0,0
BRDA:6555,488,1,0
BRF:1042
BRH:169
end_of_record
TN:
SF:C:/My/Projects/Playground/src/GulpTests/node_modules/karma-mocha/lib/adapter.js
FN:1,(anonymous_1)
FN:3,(anonymous_2)
FN:20,(anonymous_3)
FN:27,(anonymous_4)
FN:33,(anonymous_5)
FN:37,(anonymous_6)
FN:45,(anonymous_7)
FN:56,(anonymous_8)
FN:60,(anonymous_9)
FN:66,(anonymous_10)
FN:70,(anonymous_11)
FN:79,(anonymous_12)
FN:103,(anonymous_13)
FN:105,(anonymous_14)
FN:112,(anonymous_15)
FN:150,(anonymous_16)
FNF:16
FNH:11
FNDA:1,(anonymous_1)
FNDA:0,(anonymous_2)
FNDA:1,(anonymous_3)
FNDA:0,(anonymous_4)
FNDA:0,(anonymous_5)
FNDA:1,(anonymous_6)
FNDA:1,(anonymous_7)
FNDA:1,(anonymous_8)
FNDA:1,(anonymous_9)
FNDA:1,(anonymous_10)
FNDA:0,(anonymous_11)
FNDA:1,(anonymous_12)
FNDA:1,(anonymous_13)
FNDA:1,(anonymous_14)
FNDA:0,(anonymous_15)
FNDA:1,(anonymous_16)
DA:1,1
DA:3,1
DA:4,0
DA:5,0
DA:7,0
DA:8,0
DA:9,0
DA:13,0
DA:16,0
DA:20,1
DA:21,1
DA:22,0
DA:24,1
DA:27,1
DA:28,0
DA:29,0
DA:30,0
DA:33,1
DA:34,0
DA:37,1
DA:39,1
DA:40,0
DA:41,0
DA:45,1
DA:56,1
DA:57,1
DA:60,1
DA:61,1
DA:66,1
DA:67,1
DA:70,1
DA:71,0
DA:72,0
DA:73,0
DA:75,0
DA:79,1
DA:80,1
DA:82,1
DA:92,1
DA:93,1
DA:94,1
DA:95,1
DA:98,1
DA:103,1
DA:105,1
DA:106,1
DA:107,1
DA:108,1
DA:110,1
DA:111,1
DA:112,1
DA:113,0
DA:114,0
DA:115,0
DA:116,0
DA:118,0
DA:120,0
DA:121,0
DA:124,0
DA:132,1
DA:133,0
DA:137,1
DA:142,1
DA:150,1
DA:153,1
DA:154,1
DA:158,0
DA:160,0
DA:161,0
DA:165,0
DA:166,0
DA:167,0
DA:170,0
DA:172,0
DA:176,1
DA:177,1
LF:76
LH:41
BRDA:7,1,0,0
BRDA:7,1,1,0
BRDA:8,2,0,0
BRDA:8,2,1,0
BRDA:8,3,0,0
BRDA:8,3,1,0
BRDA:34,4,0,0
BRDA:34,4,1,0
BRDA:39,5,0,0
BRDA:39,5,1,1
BRDA:39,6,0,1
BRDA:39,6,1,0
BRDA:39,6,2,0
BRDA:71,7,0,0
BRDA:71,7,1,0
BRDA:88,8,0,0
BRDA:88,8,1,1
BRDA:89,9,0,1
BRDA:89,9,1,0
BRDA:107,10,0,1
BRDA:107,10,1,0
BRDA:110,11,0,1
BRDA:110,11,1,0
BRDA:111,12,0,1
BRDA:111,12,1,0
BRDA:113,13,0,0
BRDA:113,13,1,0
BRDA:115,14,0,0
BRDA:115,14,1,0
BRDA:120,15,0,0
BRDA:120,15,1,0
BRDA:132,16,0,0
BRDA:132,16,1,1
BRDA:153,17,0,1
BRDA:153,17,1,0
BRDA:153,18,0,1
BRDA:153,18,1,1
BRDA:160,19,0,0
BRDA:160,19,1,0
BRDA:165,20,0,0
BRDA:165,20,1,0
BRF:41
BRH:11
end_of_record
